0 verbose cli C:\Program Files\nodejs\node.exe C:\Program Files\nodejs\node_modules\npm\bin\npm-cli.js
1 info using npm@10.9.2
2 info using node@v22.14.0
3 silly config load:file:C:\Program Files\nodejs\node_modules\npm\npmrc
4 silly config load:file:C:\Users\ExcoSia\Desktop\WHIF\TheRedContract\.npmrc
5 silly config load:file:C:\Users\ExcoSia\.npmrc
6 silly config load:file:C:\Users\ExcoSia\AppData\Roaming\npm\etc\npmrc
7 verbose title npm install
8 verbose argv "install" "--ignore-scripts" "--cache" ".\\.npm-cache"
9 verbose logfile logs-max:10 dir:C:\Users\ExcoSia\Desktop\WHIF\TheRedContract\.npm-cache\_logs\2026-06-17T14_09_33_824Z-
10 verbose logfile C:\Users\ExcoSia\Desktop\WHIF\TheRedContract\.npm-cache\_logs\2026-06-17T14_09_33_824Z-debug-0.log
11 silly logfile done cleaning log files
12 silly packumentCache heap:4345298944 maxSize:1086324736 maxEntrySize:543162368
13 silly idealTree buildDeps
14 silly reify mark retired [
14 silly reify   'C:\\Users\\ExcoSia\\Desktop\\WHIF\\TheRedContract\\node_modules\\@babel\\helper-module-transforms'
14 silly reify ]
15 silly reify mark retired [
15 silly reify   'C:\\Users\\ExcoSia\\Desktop\\WHIF\\TheRedContract\\node_modules\\@babel\\types'
15 silly reify ]
16 silly reify mark retired [
16 silly reify   'C:\\Users\\ExcoSia\\Desktop\\WHIF\\TheRedContract\\node_modules\\@jridgewell\\gen-mapping'
16 silly reify ]
17 silly reify mark retired [
17 silly reify   'C:\\Users\\ExcoSia\\Desktop\\WHIF\\TheRedContract\\node_modules\\@jridgewell\\remapping'
17 silly reify ]
18 silly reify moves {
18 silly reify   'C:\\Users\\ExcoSia\\Desktop\\WHIF\\TheRedContract\\node_modules\\@babel\\helper-module-transforms': 'C:\\Users\\ExcoSia\\Desktop\\WHIF\\TheRedContract\\node_modules\\@babel\\.helper-module-transforms-2b8dTi5K',
18 silly reify   'C:\\Users\\ExcoSia\\Desktop\\WHIF\\TheRedContract\\node_modules\\@babel\\types': 'C:\\Users\\ExcoSia\\Desktop\\WHIF\\TheRedContract\\node_modules\\@babel\\.types-WkOXHfde',
18 silly reify   'C:\\Users\\ExcoSia\\Desktop\\WHIF\\TheRedContract\\node_modules\\@jridgewell\\gen-mapping': 'C:\\Users\\ExcoSia\\Desktop\\WHIF\\TheRedContract\\node_modules\\@jridgewell\\.gen-mapping-6eQQF7Nq',
18 silly reify   'C:\\Users\\ExcoSia\\Desktop\\WHIF\\TheRedContract\\node_modules\\@jridgewell\\remapping': 'C:\\Users\\ExcoSia\\Desktop\\WHIF\\TheRedContract\\node_modules\\@jridgewell\\.remapping-P0Uc1edU'
18 silly reify }
19 silly audit bulk request {
19 silly audit   '@babel/code-frame': [ '7.29.7' ],
19 silly audit   '@babel/compat-data': [ '7.29.7' ],
19 silly audit   '@babel/core': [ '7.29.7' ],
19 silly audit   '@babel/generator': [ '7.29.7' ],
19 silly audit   '@babel/helper-compilation-targets': [ '7.29.7' ],
19 silly audit   '@babel/helper-globals': [ '7.29.7' ],
19 silly audit   '@babel/helper-module-imports': [ '7.29.7' ],
19 silly audit   '@babel/helper-module-transforms': [ '7.29.7' ],
19 silly audit   '@babel/helper-plugin-utils': [ '7.29.7' ],
19 silly audit   '@babel/helper-string-parser': [ '7.29.7' ],
19 silly audit   '@babel/helper-validator-identifier': [ '7.29.7' ],
19 silly audit   '@babel/helper-validator-option': [ '7.29.7' ],
19 silly audit   '@babel/helpers': [ '7.29.7' ],
19 silly audit   '@babel/parser': [ '7.29.7' ],
19 silly audit   '@babel/plugin-transform-react-jsx-self': [ '7.29.7' ],
19 silly audit   '@babel/plugin-transform-react-jsx-source': [ '7.29.7' ],
19 silly audit   '@babel/template': [ '7.29.7' ],
19 silly audit   '@babel/traverse': [ '7.29.7' ],
19 silly audit   '@babel/types': [ '7.29.7' ],
19 silly audit   '@esbuild/aix-ppc64': [ '0.27.7' ],
19 silly audit   '@esbuild/android-arm': [ '0.27.7' ],
19 silly audit   '@esbuild/android-arm64': [ '0.27.7' ],
19 silly audit   '@esbuild/android-x64': [ '0.27.7' ],
19 silly audit   '@esbuild/darwin-arm64': [ '0.27.7' ],
19 silly audit   '@esbuild/darwin-x64': [ '0.27.7' ],
19 silly audit   '@esbuild/freebsd-arm64': [ '0.27.7' ],
19 silly audit   '@esbuild/freebsd-x64': [ '0.27.7' ],
19 silly audit   '@esbuild/linux-arm': [ '0.27.7' ],
19 silly audit   '@esbuild/linux-arm64': [ '0.27.7' ],
19 silly audit   '@esbuild/linux-ia32': [ '0.27.7' ],
19 silly audit   '@esbuild/linux-loong64': [ '0.27.7' ],
19 silly audit   '@esbuild/linux-mips64el': [ '0.27.7' ],
19 silly audit   '@esbuild/linux-ppc64': [ '0.27.7' ],
19 silly audit   '@esbuild/linux-riscv64': [ '0.27.7' ],
19 silly audit   '@esbuild/linux-s390x': [ '0.27.7' ],
19 silly audit   '@esbuild/linux-x64': [ '0.27.7' ],
19 silly audit   '@esbuild/netbsd-arm64': [ '0.27.7' ],
19 silly audit   '@esbuild/netbsd-x64': [ '0.27.7' ],
19 silly audit   '@esbuild/openbsd-arm64': [ '0.27.7' ],
19 silly audit   '@esbuild/openbsd-x64': [ '0.27.7' ],
19 silly audit   '@esbuild/openharmony-arm64': [ '0.27.7' ],
19 silly audit   '@esbuild/sunos-x64': [ '0.27.7' ],
19 silly audit   '@esbuild/win32-arm64': [ '0.27.7' ],
19 silly audit   '@esbuild/win32-ia32': [ '0.27.7' ],
19 silly audit   '@esbuild/win32-x64': [ '0.27.7' ],
19 silly audit   '@jridgewell/gen-mapping': [ '0.3.13' ],
19 silly audit   '@jridgewell/remapping': [ '2.3.5' ],
19 silly audit   '@jridgewell/resolve-uri': [ '3.1.2' ],
19 silly audit   '@jridgewell/sourcemap-codec': [ '1.5.5' ],
19 silly audit   '@jridgewell/trace-mapping': [ '0.3.31' ],
19 silly audit   '@rolldown/pluginutils': [ '1.0.0-rc.3' ],
19 silly audit   '@rollup/rollup-android-arm-eabi': [ '4.62.0' ],
19 silly audit   '@rollup/rollup-android-arm64': [ '4.62.0' ],
19 silly audit   '@rollup/rollup-darwin-arm64': [ '4.62.0' ],
19 silly audit   '@rollup/rollup-darwin-x64': [ '4.62.0' ],
19 silly audit   '@rollup/rollup-freebsd-arm64': [ '4.62.0' ],
19 silly audit   '@rollup/rollup-freebsd-x64': [ '4.62.0' ],
19 silly audit   '@rollup/rollup-linux-arm-gnueabihf': [ '4.62.0' ],
19 silly audit   '@rollup/rollup-linux-arm-musleabihf': [ '4.62.0' ],
19 silly audit   '@rollup/rollup-linux-arm64-gnu': [ '4.62.0' ],
19 silly audit   '@rollup/rollup-linux-arm64-musl': [ '4.62.0' ],
19 silly audit   '@rollup/rollup-linux-loong64-gnu': [ '4.62.0' ],
19 silly audit   '@rollup/rollup-linux-loong64-musl': [ '4.62.0' ],
19 silly audit   '@rollup/rollup-linux-ppc64-gnu': [ '4.62.0' ],
19 silly audit   '@rollup/rollup-linux-ppc64-musl': [ '4.62.0' ],
19 silly audit   '@rollup/rollup-linux-riscv64-gnu': [ '4.62.0' ],
19 silly audit   '@rollup/rollup-linux-riscv64-musl': [ '4.62.0' ],
19 silly audit   '@rollup/rollup-linux-s390x-gnu': [ '4.62.0' ],
19 silly audit   '@rollup/rollup-linux-x64-gnu': [ '4.62.0' ],
19 silly audit   '@rollup/rollup-linux-x64-musl': [ '4.62.0' ],
19 silly audit   '@rollup/rollup-openbsd-x64': [ '4.62.0' ],
19 silly audit   '@rollup/rollup-openharmony-arm64': [ '4.62.0' ],
19 silly audit   '@rollup/rollup-win32-arm64-msvc': [ '4.62.0' ],
19 silly audit   '@rollup/rollup-win32-ia32-msvc': [ '4.62.0' ],
19 silly audit   '@rollup/rollup-win32-x64-gnu': [ '4.62.0' ],
19 silly audit   '@rollup/rollup-win32-x64-msvc': [ '4.62.0' ],
19 silly audit   '@types/babel__core': [ '7.20.5' ],
19 silly audit   '@types/babel__generator': [ '7.27.0' ],
19 silly audit   '@types/babel__template': [ '7.4.4' ],
19 silly audit   '@types/babel__traverse': [ '7.28.0' ],
19 silly audit   '@types/estree': [ '1.0.9' ],
19 silly audit   '@types/node': [ '24.13.2' ],
19 silly audit   '@types/react': [ '19.2.17' ],
19 silly audit   '@types/react-dom': [ '19.2.3' ],
19 silly audit   '@vitejs/plugin-react': [ '5.2.0' ],
19 silly audit   'baseline-browser-mapping': [ '2.10.37' ],
19 silly audit   browserslist: [ '4.28.2' ],
19 silly audit   'caniuse-lite': [ '1.0.30001799' ],
19 silly audit   'convert-source-map': [ '2.0.0' ],
19 silly audit   csstype: [ '3.2.3' ],
19 silly audit   debug: [ '4.4.3' ],
19 silly audit   'electron-to-chromium': [ '1.5.375' ],
19 silly audit   esbuild: [ '0.27.7' ],
19 silly audit   escalade: [ '3.2.0' ],
19 silly audit   fdir: [ '6.5.0' ],
19 silly audit   fsevents: [ '2.3.3' ],
19 silly audit   gensync: [ '1.0.0-beta.2' ],
19 silly audit   'js-tokens': [ '4.0.0' ],
19 silly audit   jsesc: [ '3.1.0' ],
19 silly audit   json5: [ '2.2.3' ],
19 silly audit   'lru-cache': [ '5.1.1' ],
19 silly audit   'lucide-react': [ '0.468.0' ],
19 silly audit   ms: [ '2.1.3' ],
19 silly audit   nanoid: [ '3.3.12' ],
19 silly audit   'node-releases': [ '2.0.47' ],
19 silly audit   picocolors: [ '1.1.1' ],
19 silly audit   picomatch: [ '4.0.4' ],
19 silly audit   postcss: [ '8.5.15' ],
19 silly audit   react: [ '19.2.7' ],
19 silly audit   'react-dom': [ '19.2.7' ],
19 silly audit   'react-refresh': [ '0.18.0' ],
19 silly audit   rollup: [ '4.62.0' ],
19 silly audit   scheduler: [ '0.27.0' ],
19 silly audit   semver: [ '6.3.1' ],
19 silly audit   'source-map-js': [ '1.2.1' ],
19 silly audit   tinyglobby: [ '0.2.17' ],
19 silly audit   typescript: [ '5.9.3' ],
19 silly audit   'undici-types': [ '7.18.2' ],
19 silly audit   'update-browserslist-db': [ '1.2.3' ],
19 silly audit   vite: [ '7.3.5' ],
19 silly audit   yallist: [ '3.1.1' ]
19 silly audit }
20 verbose reify failed optional dependency C:\Users\ExcoSia\Desktop\WHIF\TheRedContract\node_modules\fsevents
21 silly reify mark deleted [
21 silly reify   'C:\\Users\\ExcoSia\\Desktop\\WHIF\\TheRedContract\\node_modules\\fsevents'
21 silly reify ]
22 verbose reify failed optional dependency C:\Users\ExcoSia\Desktop\WHIF\TheRedContract\node_modules\@rollup\rollup-win32-ia32-msvc
23 silly reify mark deleted [
23 silly reify   'C:\\Users\\ExcoSia\\Desktop\\WHIF\\TheRedContract\\node_modules\\@rollup\\rollup-win32-ia32-msvc'
23 silly reify ]
24 verbose reify failed optional dependency C:\Users\ExcoSia\Desktop\WHIF\TheRedContract\node_modules\@rollup\rollup-win32-arm64-msvc
25 silly reify mark deleted [
25 silly reify   'C:\\Users\\ExcoSia\\Desktop\\WHIF\\TheRedContract\\node_modules\\@rollup\\rollup-win32-arm64-msvc'
25 silly reify ]
26 verbose reify failed optional dependency C:\Users\ExcoSia\Desktop\WHIF\TheRedContract\node_modules\@rollup\rollup-openharmony-arm64
27 silly reify mark deleted [
27 silly reify   'C:\\Users\\ExcoSia\\Desktop\\WHIF\\TheRedContract\\node_modules\\@rollup\\rollup-openharmony-arm64'
27 silly reify ]
28 verbose reify failed optional dependency C:\Users\ExcoSia\Desktop\WHIF\TheRedContract\node_modules\@rollup\rollup-openbsd-x64
29 silly reify mark deleted [
29 silly reify   'C:\\Users\\ExcoSia\\Desktop\\WHIF\\TheRedContract\\node_modules\\@rollup\\rollup-openbsd-x64'
29 silly reify ]
30 verbose reify failed optional dependency C:\Users\ExcoSia\Desktop\WHIF\TheRedContract\node_modules\@rollup\rollup-linux-x64-musl
31 silly reify mark deleted [
31 silly reify   'C:\\Users\\ExcoSia\\Desktop\\WHIF\\TheRedContract\\node_modules\\@rollup\\rollup-linux-x64-musl'
31 silly reify ]
32 verbose reify failed optional dependency C:\Users\ExcoSia\Desktop\WHIF\TheRedContract\node_modules\@rollup\rollup-linux-x64-gnu
33 silly reify mark deleted [
33 silly reify   'C:\\Users\\ExcoSia\\Desktop\\WHIF\\TheRedContract\\node_modules\\@rollup\\rollup-linux-x64-gnu'
33 silly reify ]
34 verbose reify failed optional dependency C:\Users\ExcoSia\Desktop\WHIF\TheRedContract\node_modules\@rollup\rollup-linux-s390x-gnu
35 silly reify mark deleted [
35 silly reify   'C:\\Users\\ExcoSia\\Desktop\\WHIF\\TheRedContract\\node_modules\\@rollup\\rollup-linux-s390x-gnu'
35 silly reify ]
36 verbose reify failed optional dependency C:\Users\ExcoSia\Desktop\WHIF\TheRedContract\node_modules\@rollup\rollup-linux-riscv64-musl
37 silly reify mark deleted [
37 silly reify   'C:\\Users\\ExcoSia\\Desktop\\WHIF\\TheRedContract\\node_modules\\@rollup\\rollup-linux-riscv64-musl'
37 silly reify ]
38 verbose reify failed optional dependency C:\Users\ExcoSia\Desktop\WHIF\TheRedContract\node_modules\@rollup\rollup-linux-riscv64-gnu
39 silly reify mark deleted [
39 silly reify   'C:\\Users\\ExcoSia\\Desktop\\WHIF\\TheRedContract\\node_modules\\@rollup\\rollup-linux-riscv64-gnu'
39 silly reify ]
40 verbose reify failed optional dependency C:\Users\ExcoSia\Desktop\WHIF\TheRedContract\node_modules\@rollup\rollup-linux-ppc64-musl
41 silly reify mark deleted [
41 silly reify   'C:\\Users\\ExcoSia\\Desktop\\WHIF\\TheRedContract\\node_modules\\@rollup\\rollup-linux-ppc64-musl'
41 silly reify ]
42 verbose reify failed optional dependency C:\Users\ExcoSia\Desktop\WHIF\TheRedContract\node_modules\@rollup\rollup-linux-ppc64-gnu
43 silly reify mark deleted [
43 silly reify   'C:\\Users\\ExcoSia\\Desktop\\WHIF\\TheRedContract\\node_modules\\@rollup\\rollup-linux-ppc64-gnu'
43 silly reify ]
44 verbose reify failed optional dependency C:\Users\ExcoSia\Desktop\WHIF\TheRedContract\node_modules\@rollup\rollup-linux-loong64-musl
45 silly reify mark deleted [
45 silly reify   'C:\\Users\\ExcoSia\\Desktop\\WHIF\\TheRedContract\\node_modules\\@rollup\\rollup-linux-loong64-musl'
45 silly reify ]
46 verbose reify failed optional dependency C:\Users\ExcoSia\Desktop\WHIF\TheRedContract\node_modules\@rollup\rollup-linux-loong64-gnu
47 silly reify mark deleted [
47 silly reify   'C:\\Users\\ExcoSia\\Desktop\\WHIF\\TheRedContract\\node_modules\\@rollup\\rollup-linux-loong64-gnu'
47 silly reify ]
48 verbose reify failed optional dependency C:\Users\ExcoSia\Desktop\WHIF\TheRedContract\node_modules\@rollup\rollup-linux-arm64-musl
49 silly reify mark deleted [
49 silly reify   'C:\\Users\\ExcoSia\\Desktop\\WHIF\\TheRedContract\\node_modules\\@rollup\\rollup-linux-arm64-musl'
49 silly reify ]
50 verbose reify failed optional dependency C:\Users\ExcoSia\Desktop\WHIF\TheRedContract\node_modules\@rollup\rollup-linux-arm64-gnu
51 silly reify mark deleted [
51 silly reify   'C:\\Users\\ExcoSia\\Desktop\\WHIF\\TheRedContract\\node_modules\\@rollup\\rollup-linux-arm64-gnu'
51 silly reify ]
52 verbose reify failed optional dependency C:\Users\ExcoSia\Desktop\WHIF\TheRedContract\node_modules\@rollup\rollup-linux-arm-musleabihf
53 silly reify mark deleted [
53 silly reify   'C:\\Users\\ExcoSia\\Desktop\\WHIF\\TheRedContract\\node_modules\\@rollup\\rollup-linux-arm-musleabihf'
53 silly reify ]
54 verbose reify failed optional dependency C:\Users\ExcoSia\Desktop\WHIF\TheRedContract\node_modules\@rollup\rollup-linux-arm-gnueabihf
55 silly reify mark deleted [
55 silly reify   'C:\\Users\\ExcoSia\\Desktop\\WHIF\\TheRedContract\\node_modules\\@rollup\\rollup-linux-arm-gnueabihf'
55 silly reify ]
56 verbose reify failed optional dependency C:\Users\ExcoSia\Desktop\WHIF\TheRedContract\node_modules\@rollup\rollup-freebsd-x64
57 silly reify mark deleted [
57 silly reify   'C:\\Users\\ExcoSia\\Desktop\\WHIF\\TheRedContract\\node_modules\\@rollup\\rollup-freebsd-x64'
57 silly reify ]
58 verbose reify failed optional dependency C:\Users\ExcoSia\Desktop\WHIF\TheRedContract\node_modules\@rollup\rollup-freebsd-arm64
59 silly reify mark deleted [
59 silly reify   'C:\\Users\\ExcoSia\\Desktop\\WHIF\\TheRedContract\\node_modules\\@rollup\\rollup-freebsd-arm64'
59 silly reify ]
60 verbose reify failed optional dependency C:\Users\ExcoSia\Desktop\WHIF\TheRedContract\node_modules\@rollup\rollup-darwin-x64
61 silly reify mark deleted [
61 silly reify   'C:\\Users\\ExcoSia\\Desktop\\WHIF\\TheRedContract\\node_modules\\@rollup\\rollup-darwin-x64'
61 silly reify ]
62 verbose reify failed optional dependency C:\Users\ExcoSia\Desktop\WHIF\TheRedContract\node_modules\@rollup\rollup-darwin-arm64
63 silly reify mark deleted [
63 silly reify   'C:\\Users\\ExcoSia\\Desktop\\WHIF\\TheRedContract\\node_modules\\@rollup\\rollup-darwin-arm64'
63 silly reify ]
64 verbose reify failed optional dependency C:\Users\ExcoSia\Desktop\WHIF\TheRedContract\node_modules\@rollup\rollup-android-arm64
65 silly reify mark deleted [
65 silly reify   'C:\\Users\\ExcoSia\\Desktop\\WHIF\\TheRedContract\\node_modules\\@rollup\\rollup-android-arm64'
65 silly reify ]
66 verbose reify failed optional dependency C:\Users\ExcoSia\Desktop\WHIF\TheRedContract\node_modules\@rollup\rollup-android-arm-eabi
67 silly reify mark deleted [
67 silly reify   'C:\\Users\\ExcoSia\\Desktop\\WHIF\\TheRedContract\\node_modules\\@rollup\\rollup-android-arm-eabi'
67 silly reify ]
68 verbose reify failed optional dependency C:\Users\ExcoSia\Desktop\WHIF\TheRedContract\node_modules\@esbuild\win32-ia32
69 silly reify mark deleted [
69 silly reify   'C:\\Users\\ExcoSia\\Desktop\\WHIF\\TheRedContract\\node_modules\\@esbuild\\win32-ia32'
69 silly reify ]
70 verbose reify failed optional dependency C:\Users\ExcoSia\Desktop\WHIF\TheRedContract\node_modules\@esbuild\win32-arm64
71 silly reify mark deleted [
71 silly reify   'C:\\Users\\ExcoSia\\Desktop\\WHIF\\TheRedContract\\node_modules\\@esbuild\\win32-arm64'
71 silly reify ]
72 verbose reify failed optional dependency C:\Users\ExcoSia\Desktop\WHIF\TheRedContract\node_modules\@esbuild\sunos-x64
73 silly reify mark deleted [
73 silly reify   'C:\\Users\\ExcoSia\\Desktop\\WHIF\\TheRedContract\\node_modules\\@esbuild\\sunos-x64'
73 silly reify ]
74 verbose reify failed optional dependency C:\Users\ExcoSia\Desktop\WHIF\TheRedContract\node_modules\@esbuild\openharmony-arm64
75 silly reify mark deleted [
75 silly reify   'C:\\Users\\ExcoSia\\Desktop\\WHIF\\TheRedContract\\node_modules\\@esbuild\\openharmony-arm64'
75 silly reify ]
76 verbose reify failed optional dependency C:\Users\ExcoSia\Desktop\WHIF\TheRedContract\node_modules\@esbuild\openbsd-x64
77 silly reify mark deleted [
77 silly reify   'C:\\Users\\ExcoSia\\Desktop\\WHIF\\TheRedContract\\node_modules\\@esbuild\\openbsd-x64'
77 silly reify ]
78 verbose reify failed optional dependency C:\Users\ExcoSia\Desktop\WHIF\TheRedContract\node_modules\@esbuild\openbsd-arm64
79 silly reify mark deleted [
79 silly reify   'C:\\Users\\ExcoSia\\Desktop\\WHIF\\TheRedContract\\node_modules\\@esbuild\\openbsd-arm64'
79 silly reify ]
80 verbose reify failed optional dependency C:\Users\ExcoSia\Desktop\WHIF\TheRedContract\node_modules\@esbuild\netbsd-x64
81 silly reify mark deleted [
81 silly reify   'C:\\Users\\ExcoSia\\Desktop\\WHIF\\TheRedContract\\node_modules\\@esbuild\\netbsd-x64'
81 silly reify ]
82 verbose reify failed optional dependency C:\Users\ExcoSia\Desktop\WHIF\TheRedContract\node_modules\@esbuild\netbsd-arm64
83 silly reify mark deleted [
83 silly reify   'C:\\Users\\ExcoSia\\Desktop\\WHIF\\TheRedContract\\node_modules\\@esbuild\\netbsd-arm64'
83 silly reify ]
84 verbose reify failed optional dependency C:\Users\ExcoSia\Desktop\WHIF\TheRedContract\node_modules\@esbuild\linux-x64
85 silly reify mark deleted [
85 silly reify   'C:\\Users\\ExcoSia\\Desktop\\WHIF\\TheRedContract\\node_modules\\@esbuild\\linux-x64'
85 silly reify ]
86 verbose reify failed optional dependency C:\Users\ExcoSia\Desktop\WHIF\TheRedContract\node_modules\@esbuild\linux-s390x
87 silly reify mark deleted [
87 silly reify   'C:\\Users\\ExcoSia\\Desktop\\WHIF\\TheRedContract\\node_modules\\@esbuild\\linux-s390x'
87 silly reify ]
88 verbose reify failed optional dependency C:\Users\ExcoSia\Desktop\WHIF\TheRedContract\node_modules\@esbuild\linux-riscv64
89 silly reify mark deleted [
89 silly reify   'C:\\Users\\ExcoSia\\Desktop\\WHIF\\TheRedContract\\node_modules\\@esbuild\\linux-riscv64'
89 silly reify ]
90 verbose reify failed optional dependency C:\Users\ExcoSia\Desktop\WHIF\TheRedContract\node_modules\@esbuild\linux-ppc64
91 silly reify mark deleted [
91 silly reify   'C:\\Users\\ExcoSia\\Desktop\\WHIF\\TheRedContract\\node_modules\\@esbuild\\linux-ppc64'
91 silly reify ]
92 verbose reify failed optional dependency C:\Users\ExcoSia\Desktop\WHIF\TheRedContract\node_modules\@esbuild\linux-mips64el
93 silly reify mark deleted [
93 silly reify   'C:\\Users\\ExcoSia\\Desktop\\WHIF\\TheRedContract\\node_modules\\@esbuild\\linux-mips64el'
93 silly reify ]
94 verbose reify failed optional dependency C:\Users\ExcoSia\Desktop\WHIF\TheRedContract\node_modules\@esbuild\linux-loong64
95 silly reify mark deleted [
95 silly reify   'C:\\Users\\ExcoSia\\Desktop\\WHIF\\TheRedContract\\node_modules\\@esbuild\\linux-loong64'
95 silly reify ]
96 verbose reify failed optional dependency C:\Users\ExcoSia\Desktop\WHIF\TheRedContract\node_modules\@esbuild\linux-ia32
97 silly reify mark deleted [
97 silly reify   'C:\\Users\\ExcoSia\\Desktop\\WHIF\\TheRedContract\\node_modules\\@esbuild\\linux-ia32'
97 silly reify ]
98 verbose reify failed optional dependency C:\Users\ExcoSia\Desktop\WHIF\TheRedContract\node_modules\@esbuild\linux-arm64
99 silly reify mark deleted [
99 silly reify   'C:\\Users\\ExcoSia\\Desktop\\WHIF\\TheRedContract\\node_modules\\@esbuild\\linux-arm64'
99 silly reify ]
100 verbose reify failed optional dependency C:\Users\ExcoSia\Desktop\WHIF\TheRedContract\node_modules\@esbuild\linux-arm
101 silly reify mark deleted [
101 silly reify   'C:\\Users\\ExcoSia\\Desktop\\WHIF\\TheRedContract\\node_modules\\@esbuild\\linux-arm'
101 silly reify ]
102 verbose reify failed optional dependency C:\Users\ExcoSia\Desktop\WHIF\TheRedContract\node_modules\@esbuild\freebsd-x64
103 silly reify mark deleted [
103 silly reify   'C:\\Users\\ExcoSia\\Desktop\\WHIF\\TheRedContract\\node_modules\\@esbuild\\freebsd-x64'
103 silly reify ]
104 verbose reify failed optional dependency C:\Users\ExcoSia\Desktop\WHIF\TheRedContract\node_modules\@esbuild\freebsd-arm64
105 silly reify mark deleted [
105 silly reify   'C:\\Users\\ExcoSia\\Desktop\\WHIF\\TheRedContract\\node_modules\\@esbuild\\freebsd-arm64'
105 silly reify ]
106 verbose reify failed optional dependency C:\Users\ExcoSia\Desktop\WHIF\TheRedContract\node_modules\@esbuild\darwin-x64
107 silly reify mark deleted [
107 silly reify   'C:\\Users\\ExcoSia\\Desktop\\WHIF\\TheRedContract\\node_modules\\@esbuild\\darwin-x64'
107 silly reify ]
108 verbose reify failed optional dependency C:\Users\ExcoSia\Desktop\WHIF\TheRedContract\node_modules\@esbuild\darwin-arm64
109 silly reify mark deleted [
109 silly reify   'C:\\Users\\ExcoSia\\Desktop\\WHIF\\TheRedContract\\node_modules\\@esbuild\\darwin-arm64'
109 silly reify ]
110 verbose reify failed optional dependency C:\Users\ExcoSia\Desktop\WHIF\TheRedContract\node_modules\@esbuild\android-x64
111 silly reify mark deleted [
111 silly reify   'C:\\Users\\ExcoSia\\Desktop\\WHIF\\TheRedContract\\node_modules\\@esbuild\\android-x64'
111 silly reify ]
112 verbose reify failed optional dependency C:\Users\ExcoSia\Desktop\WHIF\TheRedContract\node_modules\@esbuild\android-arm64
113 silly reify mark deleted [
113 silly reify   'C:\\Users\\ExcoSia\\Desktop\\WHIF\\TheRedContract\\node_modules\\@esbuild\\android-arm64'
113 silly reify ]
114 verbose reify failed optional dependency C:\Users\ExcoSia\Desktop\WHIF\TheRedContract\node_modules\@esbuild\android-arm
115 silly reify mark deleted [
115 silly reify   'C:\\Users\\ExcoSia\\Desktop\\WHIF\\TheRedContract\\node_modules\\@esbuild\\android-arm'
115 silly reify ]
116 verbose reify failed optional dependency C:\Users\ExcoSia\Desktop\WHIF\TheRedContract\node_modules\@esbuild\aix-ppc64
117 silly reify mark deleted [
117 silly reify   'C:\\Users\\ExcoSia\\Desktop\\WHIF\\TheRedContract\\node_modules\\@esbuild\\aix-ppc64'
117 silly reify ]
118 http cache vite@https://registry.npmjs.org/vite/-/vite-7.3.5.tgz 0ms (cache hit)
119 http cache yallist@https://registry.npmjs.org/yallist/-/yallist-3.1.1.tgz 0ms (cache hit)
120 http cache typescript@https://registry.npmjs.org/typescript/-/typescript-5.9.3.tgz 0ms (cache hit)
121 http cache undici-types@https://registry.npmjs.org/undici-types/-/undici-types-7.18.2.tgz 0ms (cache hit)
122 http cache update-browserslist-db@https://registry.npmjs.org/update-browserslist-db/-/update-browserslist-db-1.2.3.tgz 0ms (cache hit)
123 http cache tinyglobby@https://registry.npmjs.org/tinyglobby/-/tinyglobby-0.2.17.tgz 0ms (cache hit)
124 http cache source-map-js@https://registry.npmjs.org/source-map-js/-/source-map-js-1.2.1.tgz 0ms (cache hit)
125 http cache semver@https://registry.npmjs.org/semver/-/semver-6.3.1.tgz 0ms (cache hit)
126 http cache scheduler@https://registry.npmjs.org/scheduler/-/scheduler-0.27.0.tgz 0ms (cache hit)
127 http cache react-dom@https://registry.npmjs.org/react-dom/-/react-dom-19.2.7.tgz 0ms (cache hit)
128 http cache react-refresh@https://registry.npmjs.org/react-refresh/-/react-refresh-0.18.0.tgz 0ms (cache hit)
129 http cache rollup@https://registry.npmjs.org/rollup/-/rollup-4.62.0.tgz 0ms (cache hit)
130 http cache react@https://registry.npmjs.org/react/-/react-19.2.7.tgz 0ms (cache hit)
131 http cache picomatch@https://registry.npmjs.org/picomatch/-/picomatch-4.0.4.tgz 0ms (cache hit)
132 http cache picocolors@https://registry.npmjs.org/picocolors/-/picocolors-1.1.1.tgz 0ms (cache hit)
133 http cache postcss@https://registry.npmjs.org/postcss/-/postcss-8.5.15.tgz 0ms (cache hit)
134 http cache nanoid@https://registry.npmjs.org/nanoid/-/nanoid-3.3.12.tgz 0ms (cache hit)
135 http cache node-releases@https://registry.npmjs.org/node-releases/-/node-releases-2.0.47.tgz 0ms (cache hit)
136 http cache ms@https://registry.npmjs.org/ms/-/ms-2.1.3.tgz 0ms (cache hit)
137 http cache lucide-react@https://registry.npmjs.org/lucide-react/-/lucide-react-0.468.0.tgz 0ms (cache hit)
138 http cache lru-cache@https://registry.npmjs.org/lru-cache/-/lru-cache-5.1.1.tgz 0ms (cache hit)
139 http cache json5@https://registry.npmjs.org/json5/-/json5-2.2.3.tgz 0ms (cache hit)
140 http cache js-tokens@https://registry.npmjs.org/js-tokens/-/js-tokens-4.0.0.tgz 0ms (cache hit)
141 http cache jsesc@https://registry.npmjs.org/jsesc/-/jsesc-3.1.0.tgz 0ms (cache hit)
142 http cache gensync@https://registry.npmjs.org/gensync/-/gensync-1.0.0-beta.2.tgz 0ms (cache hit)
143 http cache fdir@https://registry.npmjs.org/fdir/-/fdir-6.5.0.tgz 0ms (cache hit)
144 http cache esbuild@https://registry.npmjs.org/esbuild/-/esbuild-0.27.7.tgz 0ms (cache hit)
145 http cache escalade@https://registry.npmjs.org/escalade/-/escalade-3.2.0.tgz 0ms (cache hit)
146 http cache electron-to-chromium@https://registry.npmjs.org/electron-to-chromium/-/electron-to-chromium-1.5.375.tgz 0ms (cache hit)
147 http cache debug@https://registry.npmjs.org/debug/-/debug-4.4.3.tgz 0ms (cache hit)
148 http cache convert-source-map@https://registry.npmjs.org/convert-source-map/-/convert-source-map-2.0.0.tgz 0ms (cache hit)
149 http cache csstype@https://registry.npmjs.org/csstype/-/csstype-3.2.3.tgz 0ms (cache hit)
150 http cache browserslist@https://registry.npmjs.org/browserslist/-/browserslist-4.28.2.tgz 0ms (cache hit)
151 http cache caniuse-lite@https://registry.npmjs.org/caniuse-lite/-/caniuse-lite-1.0.30001799.tgz 0ms (cache hit)
152 http cache baseline-browser-mapping@https://registry.npmjs.org/baseline-browser-mapping/-/baseline-browser-mapping-2.10.37.tgz 0ms (cache hit)
153 http cache @types/react-dom@https://registry.npmjs.org/@types/react-dom/-/react-dom-19.2.3.tgz 0ms (cache hit)
154 http cache @types/react@https://registry.npmjs.org/@types/react/-/react-19.2.17.tgz 0ms (cache hit)
155 http cache @types/estree@https://registry.npmjs.org/@types/estree/-/estree-1.0.9.tgz 0ms (cache hit)
156 http cache @vitejs/plugin-react@https://registry.npmjs.org/@vitejs/plugin-react/-/plugin-react-5.2.0.tgz 0ms (cache hit)
157 http cache @types/node@https://registry.npmjs.org/@types/node/-/node-24.13.2.tgz 0ms (cache hit)
158 http cache @types/babel__traverse@https://registry.npmjs.org/@types/babel__traverse/-/babel__traverse-7.28.0.tgz 0ms (cache hit)
159 http cache @rollup/rollup-win32-x64-gnu@https://registry.npmjs.org/@rollup/rollup-win32-x64-gnu/-/rollup-win32-x64-gnu-4.62.0.tgz 0ms (cache hit)
160 http cache @rollup/rollup-win32-x64-msvc@https://registry.npmjs.org/@rollup/rollup-win32-x64-msvc/-/rollup-win32-x64-msvc-4.62.0.tgz 0ms (cache hit)
161 http cache @types/babel__template@https://registry.npmjs.org/@types/babel__template/-/babel__template-7.4.4.tgz 0ms (cache hit)
162 http cache @types/babel__generator@https://registry.npmjs.org/@types/babel__generator/-/babel__generator-7.27.0.tgz 0ms (cache hit)
163 http cache @types/babel__core@https://registry.npmjs.org/@types/babel__core/-/babel__core-7.20.5.tgz 0ms (cache hit)
164 http cache @rolldown/pluginutils@https://registry.npmjs.org/@rolldown/pluginutils/-/pluginutils-1.0.0-rc.3.tgz 0ms (cache hit)
165 http cache @jridgewell/trace-mapping@https://registry.npmjs.org/@jridgewell/trace-mapping/-/trace-mapping-0.3.31.tgz 0ms (cache hit)
166 http cache @esbuild/win32-x64@https://registry.npmjs.org/@esbuild/win32-x64/-/win32-x64-0.27.7.tgz 0ms (cache hit)
167 http cache @jridgewell/sourcemap-codec@https://registry.npmjs.org/@jridgewell/sourcemap-codec/-/sourcemap-codec-1.5.5.tgz 0ms (cache hit)
168 http cache @jridgewell/resolve-uri@https://registry.npmjs.org/@jridgewell/resolve-uri/-/resolve-uri-3.1.2.tgz 0ms (cache hit)
169 http cache @babel/template@https://registry.npmjs.org/@babel/template/-/template-7.29.7.tgz 0ms (cache hit)
170 http cache @babel/traverse@https://registry.npmjs.org/@babel/traverse/-/traverse-7.29.7.tgz 0ms (cache hit)
171 http cache @babel/plugin-transform-react-jsx-source@https://registry.npmjs.org/@babel/plugin-transform-react-jsx-source/-/plugin-transform-react-jsx-source-7.29.7.tgz 0ms (cache hit)
172 http cache @babel/plugin-transform-react-jsx-self@https://registry.npmjs.org/@babel/plugin-transform-react-jsx-self/-/plugin-transform-react-jsx-self-7.29.7.tgz 0ms (cache hit)
173 http cache @babel/parser@https://registry.npmjs.org/@babel/parser/-/parser-7.29.7.tgz 0ms (cache hit)
174 http cache @babel/helpers@https://registry.npmjs.org/@babel/helpers/-/helpers-7.29.7.tgz 0ms (cache hit)
175 http cache @babel/helper-validator-option@https://registry.npmjs.org/@babel/helper-validator-option/-/helper-validator-option-7.29.7.tgz 0ms (cache hit)
176 http cache @babel/helper-plugin-utils@https://registry.npmjs.org/@babel/helper-plugin-utils/-/helper-plugin-utils-7.29.7.tgz 0ms (cache hit)
177 http cache @babel/helper-validator-identifier@https://registry.npmjs.org/@babel/helper-validator-identifier/-/helper-validator-identifier-7.29.7.tgz 0ms (cache hit)
178 http cache @babel/helper-module-imports@https://registry.npmjs.org/@babel/helper-module-imports/-/helper-module-imports-7.29.7.tgz 0ms (cache hit)
179 http cache @babel/helper-string-parser@https://registry.npmjs.org/@babel/helper-string-parser/-/helper-string-parser-7.29.7.tgz 0ms (cache hit)
180 http cache @babel/helper-globals@https://registry.npmjs.org/@babel/helper-globals/-/helper-globals-7.29.7.tgz 0ms (cache hit)
181 http cache @babel/core@https://registry.npmjs.org/@babel/core/-/core-7.29.7.tgz 1ms (cache hit)
182 http cache @babel/helper-compilation-targets@https://registry.npmjs.org/@babel/helper-compilation-targets/-/helper-compilation-targets-7.29.7.tgz 0ms (cache hit)
183 http cache @babel/compat-data@https://registry.npmjs.org/@babel/compat-data/-/compat-data-7.29.7.tgz 0ms (cache hit)
184 http cache @babel/code-frame@https://registry.npmjs.org/@babel/code-frame/-/code-frame-7.29.7.tgz 0ms (cache hit)
185 http cache @jridgewell/remapping@https://registry.npmjs.org/@jridgewell/remapping/-/remapping-2.3.5.tgz 0ms (cache hit)
186 http cache @jridgewell/gen-mapping@https://registry.npmjs.org/@jridgewell/gen-mapping/-/gen-mapping-0.3.13.tgz 0ms (cache hit)
187 http cache @babel/generator@https://registry.npmjs.org/@babel/generator/-/generator-7.29.7.tgz 0ms (cache hit)
188 http cache @babel/types@https://registry.npmjs.org/@babel/types/-/types-7.29.7.tgz 0ms (cache hit)
189 http cache @babel/helper-module-transforms@https://registry.npmjs.org/@babel/helper-module-transforms/-/helper-module-transforms-7.29.7.tgz 0ms (cache hit)
190 http fetch POST 200 https://registry.npmjs.org/-/npm/v1/security/advisories/bulk 1002ms
191 silly audit report {
191 silly audit report   esbuild: [
191 silly audit report     {
191 silly audit report       id: 1120679,
191 silly audit report       url: 'https://github.com/advisories/GHSA-gv7w-rqvm-qjhr',
191 silly audit report       title: 'esbuild: Missing binary integrity verification in Deno module enables remote code execution via NPM_CONFIG_REGISTRY',
191 silly audit report       severity: 'high',
191 silly audit report       vulnerable_versions: '>=0.17.0 <0.28.1',
191 silly audit report       cwe: [Array],
191 silly audit report       cvss: [Object]
191 silly audit report     },
191 silly audit report     {
191 silly audit report       id: 1120680,
191 silly audit report       url: 'https://github.com/advisories/GHSA-g7r4-m6w7-qqqr',
191 silly audit report       title: 'esbuild allows arbitrary file read when running the development server on Windows',
191 silly audit report       severity: 'low',
191 silly audit report       vulnerable_versions: '>=0.27.3 <0.28.1',
191 silly audit report       cwe: [Array],
191 silly audit report       cvss: [Object]
191 silly audit report     }
191 silly audit report   ]
191 silly audit report }
192 silly packumentCache corgi:https://registry.npmjs.org/esbuild cache-miss
193 http cache https://registry.npmjs.org/esbuild 82ms (cache hit)
194 silly packumentCache corgi:https://registry.npmjs.org/esbuild set size:887361 disposed:false
195 silly packumentCache corgi:https://registry.npmjs.org/vite cache-miss
196 http cache https://registry.npmjs.org/vite 108ms (cache hit)
197 silly packumentCache corgi:https://registry.npmjs.org/vite set size:2264592 disposed:false
198 silly packumentCache corgi:https://registry.npmjs.org/@vitejs%2fplugin-react cache-miss
199 http cache https://registry.npmjs.org/@vitejs%2fplugin-react 77ms (cache hit)
200 silly packumentCache corgi:https://registry.npmjs.org/@vitejs%2fplugin-react set size:113751 disposed:false
201 silly ADD node_modules/yallist
202 silly ADD node_modules/vite
203 silly ADD node_modules/update-browserslist-db
204 silly ADD node_modules/undici-types
205 silly ADD node_modules/typescript
206 silly ADD node_modules/tinyglobby
207 silly ADD node_modules/source-map-js
208 silly ADD node_modules/semver
209 silly ADD node_modules/scheduler
210 silly ADD node_modules/rollup
211 silly ADD node_modules/react-refresh
212 silly ADD node_modules/react-dom
213 silly ADD node_modules/react
214 silly ADD node_modules/postcss
215 silly ADD node_modules/picomatch
216 silly ADD node_modules/picocolors
217 silly ADD node_modules/node-releases
218 silly ADD node_modules/nanoid
219 silly ADD node_modules/ms
220 silly ADD node_modules/lucide-react
221 silly ADD node_modules/lru-cache
222 silly ADD node_modules/json5
223 silly ADD node_modules/jsesc
224 silly ADD node_modules/js-tokens
225 silly ADD node_modules/gensync
226 silly ADD
227 silly ADD node_modules/fdir
228 silly ADD node_modules/escalade
229 silly ADD node_modules/esbuild
230 silly ADD node_modules/electron-to-chromium
231 silly ADD node_modules/debug
232 silly ADD node_modules/csstype
233 silly ADD node_modules/convert-source-map
234 silly ADD node_modules/caniuse-lite
235 silly ADD node_modules/browserslist
236 silly ADD node_modules/baseline-browser-mapping
237 silly ADD node_modules/@vitejs/plugin-react
238 silly ADD node_modules/@types/react-dom
239 silly ADD node_modules/@types/react
240 silly ADD node_modules/@types/node
241 silly ADD node_modules/@types/estree
242 silly ADD node_modules/@types/babel__traverse
243 silly ADD node_modules/@types/babel__template
244 silly ADD node_modules/@types/babel__generator
245 silly ADD node_modules/@types/babel__core
246 silly ADD node_modules/@rollup/rollup-win32-x64-msvc
247 silly ADD node_modules/@rollup/rollup-win32-x64-gnu
248 silly ADD
249 silly ADD
250 silly ADD
251 silly ADD
252 silly ADD
253 silly ADD
254 silly ADD
255 silly ADD
256 silly ADD
257 silly ADD
258 silly ADD
259 silly ADD
260 silly ADD
261 silly ADD
262 silly ADD
263 silly ADD
264 silly ADD
265 silly ADD
266 silly ADD
267 silly ADD
268 silly ADD
269 silly ADD
270 silly ADD
271 silly ADD node_modules/@rolldown/pluginutils
272 silly ADD node_modules/@jridgewell/trace-mapping
273 silly ADD node_modules/@jridgewell/sourcemap-codec
274 silly ADD node_modules/@jridgewell/resolve-uri
275 silly ADD node_modules/@esbuild/win32-x64
276 silly ADD
277 silly ADD
278 silly ADD
279 silly ADD
280 silly ADD
281 silly ADD
282 silly ADD
283 silly ADD
284 silly ADD
285 silly ADD
286 silly ADD
287 silly ADD
288 silly ADD
289 silly ADD
290 silly ADD
291 silly ADD
292 silly ADD
293 silly ADD
294 silly ADD
295 silly ADD
296 silly ADD
297 silly ADD
298 silly ADD
299 silly ADD
300 silly ADD
301 silly ADD node_modules/@babel/traverse
302 silly ADD node_modules/@babel/template
303 silly ADD node_modules/@babel/plugin-transform-react-jsx-source
304 silly ADD node_modules/@babel/plugin-transform-react-jsx-self
305 silly ADD node_modules/@babel/parser
306 silly ADD node_modules/@babel/helpers
307 silly ADD node_modules/@babel/helper-validator-option
308 silly ADD node_modules/@babel/helper-validator-identifier
309 silly ADD node_modules/@babel/helper-string-parser
310 silly ADD node_modules/@babel/helper-plugin-utils
311 silly ADD node_modules/@babel/helper-module-imports
312 silly ADD node_modules/@babel/helper-globals
313 silly ADD node_modules/@babel/helper-compilation-targets
314 silly ADD node_modules/@babel/generator
315 silly ADD node_modules/@babel/core
316 silly ADD node_modules/@babel/compat-data
317 silly ADD node_modules/@babel/code-frame
318 silly CHANGE node_modules/@jridgewell/remapping
319 silly CHANGE node_modules/@jridgewell/gen-mapping
320 silly CHANGE node_modules/@babel/types
321 silly CHANGE node_modules/@babel/helper-module-transforms
322 verbose cwd C:\Users\ExcoSia\Desktop\WHIF\TheRedContract
323 verbose os Windows_NT 10.0.26200
324 verbose node v22.14.0
325 verbose npm  v10.9.2
326 verbose exit 0
327 info ok
