0 verbose cli C:\Program Files\nodejs\node.exe C:\Program Files\nodejs\node_modules\npm\bin\npm-cli.js
1 info using npm@10.9.2
2 info using node@v22.14.0
3 silly config load:file:C:\Program Files\nodejs\node_modules\npm\npmrc
4 silly config load:file:C:\Users\ExcoSia\Desktop\WHIF\TheRedContract\.npmrc
5 silly config load:file:C:\Users\ExcoSia\.npmrc
6 silly config load:file:C:\Users\ExcoSia\AppData\Roaming\npm\etc\npmrc
7 verbose title npm rebuild esbuild
8 verbose argv "rebuild" "esbuild" "--cache" ".\\.npm-cache"
9 verbose logfile logs-max:10 dir:C:\Users\ExcoSia\Desktop\WHIF\TheRedContract\.npm-cache\_logs\2026-06-17T14_10_12_229Z-
10 verbose logfile C:\Users\ExcoSia\Desktop\WHIF\TheRedContract\.npm-cache\_logs\2026-06-17T14_10_12_229Z-debug-0.log
11 silly logfile done cleaning log files
12 silly packumentCache heap:4345298944 maxSize:1086324736 maxEntrySize:543162368
13 info run esbuild@0.27.7 postinstall node_modules/esbuild node install.js
14 info run esbuild@0.27.7 postinstall { code: 'EPERM', signal: undefined }
15 verbose stack Error: spawn EPERM
15 verbose stack     at ChildProcess.spawn (node:internal/child_process:420:11)
15 verbose stack     at spawn (node:child_process:753:9)
15 verbose stack     at promiseSpawn (C:\Program Files\nodejs\node_modules\npm\node_modules\@npmcli\promise-spawn\lib\index.js:39:16)
15 verbose stack     at spawnWithShell (C:\Program Files\nodejs\node_modules\npm\node_modules\@npmcli\promise-spawn\lib\index.js:124:10)
15 verbose stack     at promiseSpawn (C:\Program Files\nodejs\node_modules\npm\node_modules\@npmcli\promise-spawn\lib\index.js:12:12)
15 verbose stack     at runScriptPkg (C:\Program Files\nodejs\node_modules\npm\node_modules\@npmcli\run-script\lib\run-script-pkg.js:77:13)
15 verbose stack     at runScript (C:\Program Files\nodejs\node_modules\npm\node_modules\@npmcli\run-script\lib\run-script.js:9:12)
15 verbose stack     at C:\Program Files\nodejs\node_modules\npm\node_modules\@npmcli\arborist\lib\arborist\rebuild.js:329:17
15 verbose stack     at run (C:\Program Files\nodejs\node_modules\npm\node_modules\promise-call-limit\dist\commonjs\index.js:67:22)
15 verbose stack     at C:\Program Files\nodejs\node_modules\npm\node_modules\promise-call-limit\dist\commonjs\index.js:84:9
16 error code EPERM
17 error syscall spawn
18 error errno -4048
19 error Error: spawn EPERM
19 error     at ChildProcess.spawn (node:internal/child_process:420:11)
19 error     at spawn (node:child_process:753:9)
19 error     at promiseSpawn (C:\Program Files\nodejs\node_modules\npm\node_modules\@npmcli\promise-spawn\lib\index.js:39:16)
19 error     at spawnWithShell (C:\Program Files\nodejs\node_modules\npm\node_modules\@npmcli\promise-spawn\lib\index.js:124:10)
19 error     at promiseSpawn (C:\Program Files\nodejs\node_modules\npm\node_modules\@npmcli\promise-spawn\lib\index.js:12:12)
19 error     at runScriptPkg (C:\Program Files\nodejs\node_modules\npm\node_modules\@npmcli\run-script\lib\run-script-pkg.js:77:13)
19 error     at runScript (C:\Program Files\nodejs\node_modules\npm\node_modules\@npmcli\run-script\lib\run-script.js:9:12)
19 error     at C:\Program Files\nodejs\node_modules\npm\node_modules\@npmcli\arborist\lib\arborist\rebuild.js:329:17
19 error     at run (C:\Program Files\nodejs\node_modules\npm\node_modules\promise-call-limit\dist\commonjs\index.js:67:22)
19 error     at C:\Program Files\nodejs\node_modules\npm\node_modules\promise-call-limit\dist\commonjs\index.js:84:9 {
19 error   errno: -4048,
19 error   code: 'EPERM',
19 error   syscall: 'spawn'
19 error }
20 error
20 error The operation was rejected by your operating system.
20 error It's possible that the file was already in use (by a text editor or antivirus),
20 error or that you lack permissions to access it.
20 error
20 error If you believe this might be a permissions issue, please double-check the
20 error permissions of the file and its containing directories, or try running
20 error the command again as root/Administrator.
21 silly unfinished npm timer build 1781705412996
22 silly unfinished npm timer build:deps 1781705412997
23 silly unfinished npm timer build:run:postinstall 1781705413005
24 silly unfinished npm timer build:run:postinstall:node_modules/esbuild 1781705413005
25 verbose cwd C:\Users\ExcoSia\Desktop\WHIF\TheRedContract
26 verbose os Windows_NT 10.0.26200
27 verbose node v22.14.0
28 verbose npm  v10.9.2
29 verbose exit -4048
30 verbose code -4048
31 error A complete log of this run can be found in: C:\Users\ExcoSia\Desktop\WHIF\TheRedContract\.npm-cache\_logs\2026-06-17T14_10_12_229Z-debug-0.log
