0 verbose cli C:\Program Files\nodejs\node.exe C:\Program Files\nodejs\node_modules\npm\bin\npm-cli.js
1 info using npm@10.9.2
2 info using node@v22.14.0
3 silly config load:file:C:\Program Files\nodejs\node_modules\npm\npmrc
4 silly config load:file:C:\Users\ExcoSia\Desktop\WHIF\TheRedContract\.npmrc
5 silly config load:file:C:\Users\ExcoSia\.npmrc
6 silly config load:file:C:\Users\ExcoSia\AppData\Roaming\npm\etc\npmrc
7 verbose title npm install
8 verbose argv "install" "--cache" ".\\.npm-cache"
9 verbose logfile logs-max:10 dir:C:\Users\ExcoSia\Desktop\WHIF\TheRedContract\.npm-cache\_logs\2026-06-17T14_09_03_799Z-
10 verbose logfile C:\Users\ExcoSia\Desktop\WHIF\TheRedContract\.npm-cache\_logs\2026-06-17T14_09_03_799Z-debug-0.log
11 silly logfile done cleaning log files
12 silly packumentCache heap:4345298944 maxSize:1086324736 maxEntrySize:543162368
13 silly idealTree buildDeps
14 silly reify mark retired [
14 silly reify   'C:\\Users\\ExcoSia\\Desktop\\WHIF\\TheRedContract\\node_modules\\@babel\\helper-module-transforms'
14 silly reify ]
15 silly reify mark retired [
15 silly reify   'C:\\Users\\ExcoSia\\Desktop\\WHIF\\TheRedContract\\node_modules\\@babel\\types'
15 silly reify ]
16 silly reify mark retired [
16 silly reify   'C:\\Users\\ExcoSia\\Desktop\\WHIF\\TheRedContract\\node_modules\\@jridgewell\\gen-mapping'
16 silly reify ]
17 silly reify mark retired [
17 silly reify   'C:\\Users\\ExcoSia\\Desktop\\WHIF\\TheRedContract\\node_modules\\@jridgewell\\remapping'
17 silly reify ]
18 silly reify moves {
18 silly reify   'C:\\Users\\ExcoSia\\Desktop\\WHIF\\TheRedContract\\node_modules\\@babel\\helper-module-transforms': 'C:\\Users\\ExcoSia\\Desktop\\WHIF\\TheRedContract\\node_modules\\@babel\\.helper-module-transforms-2b8dTi5K',
18 silly reify   'C:\\Users\\ExcoSia\\Desktop\\WHIF\\TheRedContract\\node_modules\\@babel\\types': 'C:\\Users\\ExcoSia\\Desktop\\WHIF\\TheRedContract\\node_modules\\@babel\\.types-WkOXHfde',
18 silly reify   'C:\\Users\\ExcoSia\\Desktop\\WHIF\\TheRedContract\\node_modules\\@jridgewell\\gen-mapping': 'C:\\Users\\ExcoSia\\Desktop\\WHIF\\TheRedContract\\node_modules\\@jridgewell\\.gen-mapping-6eQQF7Nq',
18 silly reify   'C:\\Users\\ExcoSia\\Desktop\\WHIF\\TheRedContract\\node_modules\\@jridgewell\\remapping': 'C:\\Users\\ExcoSia\\Desktop\\WHIF\\TheRedContract\\node_modules\\@jridgewell\\.remapping-P0Uc1edU'
18 silly reify }
19 silly audit bulk request {
19 silly audit   '@babel/code-frame': [ '7.29.7' ],
19 silly audit   '@babel/compat-data': [ '7.29.7' ],
19 silly audit   '@babel/core': [ '7.29.7' ],
19 silly audit   '@babel/generator': [ '7.29.7' ],
19 silly audit   '@babel/helper-compilation-targets': [ '7.29.7' ],
19 silly audit   '@babel/helper-globals': [ '7.29.7' ],
19 silly audit   '@babel/helper-module-imports': [ '7.29.7' ],
19 silly audit   '@babel/helper-module-transforms': [ '7.29.7' ],
19 silly audit   '@babel/helper-plugin-utils': [ '7.29.7' ],
19 silly audit   '@babel/helper-string-parser': [ '7.29.7' ],
19 silly audit   '@babel/helper-validator-identifier': [ '7.29.7' ],
19 silly audit   '@babel/helper-validator-option': [ '7.29.7' ],
19 silly audit   '@babel/helpers': [ '7.29.7' ],
19 silly audit   '@babel/parser': [ '7.29.7' ],
19 silly audit   '@babel/plugin-transform-react-jsx-self': [ '7.29.7' ],
19 silly audit   '@babel/plugin-transform-react-jsx-source': [ '7.29.7' ],
19 silly audit   '@babel/template': [ '7.29.7' ],
19 silly audit   '@babel/traverse': [ '7.29.7' ],
19 silly audit   '@babel/types': [ '7.29.7' ],
19 silly audit   '@esbuild/aix-ppc64': [ '0.27.7' ],
19 silly audit   '@esbuild/android-arm': [ '0.27.7' ],
19 silly audit   '@esbuild/android-arm64': [ '0.27.7' ],
19 silly audit   '@esbuild/android-x64': [ '0.27.7' ],
19 silly audit   '@esbuild/darwin-arm64': [ '0.27.7' ],
19 silly audit   '@esbuild/darwin-x64': [ '0.27.7' ],
19 silly audit   '@esbuild/freebsd-arm64': [ '0.27.7' ],
19 silly audit   '@esbuild/freebsd-x64': [ '0.27.7' ],
19 silly audit   '@esbuild/linux-arm': [ '0.27.7' ],
19 silly audit   '@esbuild/linux-arm64': [ '0.27.7' ],
19 silly audit   '@esbuild/linux-ia32': [ '0.27.7' ],
19 silly audit   '@esbuild/linux-loong64': [ '0.27.7' ],
19 silly audit   '@esbuild/linux-mips64el': [ '0.27.7' ],
19 silly audit   '@esbuild/linux-ppc64': [ '0.27.7' ],
19 silly audit   '@esbuild/linux-riscv64': [ '0.27.7' ],
19 silly audit   '@esbuild/linux-s390x': [ '0.27.7' ],
19 silly audit   '@esbuild/linux-x64': [ '0.27.7' ],
19 silly audit   '@esbuild/netbsd-arm64': [ '0.27.7' ],
19 silly audit   '@esbuild/netbsd-x64': [ '0.27.7' ],
19 silly audit   '@esbuild/openbsd-arm64': [ '0.27.7' ],
19 silly audit   '@esbuild/openbsd-x64': [ '0.27.7' ],
19 silly audit   '@esbuild/openharmony-arm64': [ '0.27.7' ],
19 silly audit   '@esbuild/sunos-x64': [ '0.27.7' ],
19 silly audit   '@esbuild/win32-arm64': [ '0.27.7' ],
19 silly audit   '@esbuild/win32-ia32': [ '0.27.7' ],
19 silly audit   '@esbuild/win32-x64': [ '0.27.7' ],
19 silly audit   '@jridgewell/gen-mapping': [ '0.3.13' ],
19 silly audit   '@jridgewell/remapping': [ '2.3.5' ],
19 silly audit   '@jridgewell/resolve-uri': [ '3.1.2' ],
19 silly audit   '@jridgewell/sourcemap-codec': [ '1.5.5' ],
19 silly audit   '@jridgewell/trace-mapping': [ '0.3.31' ],
19 silly audit   '@rolldown/pluginutils': [ '1.0.0-rc.3' ],
19 silly audit   '@rollup/rollup-android-arm-eabi': [ '4.62.0' ],
19 silly audit   '@rollup/rollup-android-arm64': [ '4.62.0' ],
19 silly audit   '@rollup/rollup-darwin-arm64': [ '4.62.0' ],
19 silly audit   '@rollup/rollup-darwin-x64': [ '4.62.0' ],
19 silly audit   '@rollup/rollup-freebsd-arm64': [ '4.62.0' ],
19 silly audit   '@rollup/rollup-freebsd-x64': [ '4.62.0' ],
19 silly audit   '@rollup/rollup-linux-arm-gnueabihf': [ '4.62.0' ],
19 silly audit   '@rollup/rollup-linux-arm-musleabihf': [ '4.62.0' ],
19 silly audit   '@rollup/rollup-linux-arm64-gnu': [ '4.62.0' ],
19 silly audit   '@rollup/rollup-linux-arm64-musl': [ '4.62.0' ],
19 silly audit   '@rollup/rollup-linux-loong64-gnu': [ '4.62.0' ],
19 silly audit   '@rollup/rollup-linux-loong64-musl': [ '4.62.0' ],
19 silly audit   '@rollup/rollup-linux-ppc64-gnu': [ '4.62.0' ],
19 silly audit   '@rollup/rollup-linux-ppc64-musl': [ '4.62.0' ],
19 silly audit   '@rollup/rollup-linux-riscv64-gnu': [ '4.62.0' ],
19 silly audit   '@rollup/rollup-linux-riscv64-musl': [ '4.62.0' ],
19 silly audit   '@rollup/rollup-linux-s390x-gnu': [ '4.62.0' ],
19 silly audit   '@rollup/rollup-linux-x64-gnu': [ '4.62.0' ],
19 silly audit   '@rollup/rollup-linux-x64-musl': [ '4.62.0' ],
19 silly audit   '@rollup/rollup-openbsd-x64': [ '4.62.0' ],
19 silly audit   '@rollup/rollup-openharmony-arm64': [ '4.62.0' ],
19 silly audit   '@rollup/rollup-win32-arm64-msvc': [ '4.62.0' ],
19 silly audit   '@rollup/rollup-win32-ia32-msvc': [ '4.62.0' ],
19 silly audit   '@rollup/rollup-win32-x64-gnu': [ '4.62.0' ],
19 silly audit   '@rollup/rollup-win32-x64-msvc': [ '4.62.0' ],
19 silly audit   '@types/babel__core': [ '7.20.5' ],
19 silly audit   '@types/babel__generator': [ '7.27.0' ],
19 silly audit   '@types/babel__template': [ '7.4.4' ],
19 silly audit   '@types/babel__traverse': [ '7.28.0' ],
19 silly audit   '@types/estree': [ '1.0.9' ],
19 silly audit   '@types/node': [ '24.13.2' ],
19 silly audit   '@types/react': [ '19.2.17' ],
19 silly audit   '@types/react-dom': [ '19.2.3' ],
19 silly audit   '@vitejs/plugin-react': [ '5.2.0' ],
19 silly audit   'baseline-browser-mapping': [ '2.10.37' ],
19 silly audit   browserslist: [ '4.28.2' ],
19 silly audit   'caniuse-lite': [ '1.0.30001799' ],
19 silly audit   'convert-source-map': [ '2.0.0' ],
19 silly audit   csstype: [ '3.2.3' ],
19 silly audit   debug: [ '4.4.3' ],
19 silly audit   'electron-to-chromium': [ '1.5.375' ],
19 silly audit   esbuild: [ '0.27.7' ],
19 silly audit   escalade: [ '3.2.0' ],
19 silly audit   fdir: [ '6.5.0' ],
19 silly audit   fsevents: [ '2.3.3' ],
19 silly audit   gensync: [ '1.0.0-beta.2' ],
19 silly audit   'js-tokens': [ '4.0.0' ],
19 silly audit   jsesc: [ '3.1.0' ],
19 silly audit   json5: [ '2.2.3' ],
19 silly audit   'lru-cache': [ '5.1.1' ],
19 silly audit   'lucide-react': [ '0.468.0' ],
19 silly audit   ms: [ '2.1.3' ],
19 silly audit   nanoid: [ '3.3.12' ],
19 silly audit   'node-releases': [ '2.0.47' ],
19 silly audit   picocolors: [ '1.1.1' ],
19 silly audit   picomatch: [ '4.0.4' ],
19 silly audit   postcss: [ '8.5.15' ],
19 silly audit   react: [ '19.2.7' ],
19 silly audit   'react-dom': [ '19.2.7' ],
19 silly audit   'react-refresh': [ '0.18.0' ],
19 silly audit   rollup: [ '4.62.0' ],
19 silly audit   scheduler: [ '0.27.0' ],
19 silly audit   semver: [ '6.3.1' ],
19 silly audit   'source-map-js': [ '1.2.1' ],
19 silly audit   tinyglobby: [ '0.2.17' ],
19 silly audit   typescript: [ '5.9.3' ],
19 silly audit   'undici-types': [ '7.18.2' ],
19 silly audit   'update-browserslist-db': [ '1.2.3' ],
19 silly audit   vite: [ '7.3.5' ],
19 silly audit   yallist: [ '3.1.1' ]
19 silly audit }
20 verbose reify failed optional dependency C:\Users\ExcoSia\Desktop\WHIF\TheRedContract\node_modules\fsevents
21 silly reify mark deleted [
21 silly reify   'C:\\Users\\ExcoSia\\Desktop\\WHIF\\TheRedContract\\node_modules\\fsevents'
21 silly reify ]
22 verbose reify failed optional dependency C:\Users\ExcoSia\Desktop\WHIF\TheRedContract\node_modules\@rollup\rollup-win32-ia32-msvc
23 silly reify mark deleted [
23 silly reify   'C:\\Users\\ExcoSia\\Desktop\\WHIF\\TheRedContract\\node_modules\\@rollup\\rollup-win32-ia32-msvc'
23 silly reify ]
24 verbose reify failed optional dependency C:\Users\ExcoSia\Desktop\WHIF\TheRedContract\node_modules\@rollup\rollup-win32-arm64-msvc
25 silly reify mark deleted [
25 silly reify   'C:\\Users\\ExcoSia\\Desktop\\WHIF\\TheRedContract\\node_modules\\@rollup\\rollup-win32-arm64-msvc'
25 silly reify ]
26 verbose reify failed optional dependency C:\Users\ExcoSia\Desktop\WHIF\TheRedContract\node_modules\@rollup\rollup-openharmony-arm64
27 silly reify mark deleted [
27 silly reify   'C:\\Users\\ExcoSia\\Desktop\\WHIF\\TheRedContract\\node_modules\\@rollup\\rollup-openharmony-arm64'
27 silly reify ]
28 verbose reify failed optional dependency C:\Users\ExcoSia\Desktop\WHIF\TheRedContract\node_modules\@rollup\rollup-openbsd-x64
29 silly reify mark deleted [
29 silly reify   'C:\\Users\\ExcoSia\\Desktop\\WHIF\\TheRedContract\\node_modules\\@rollup\\rollup-openbsd-x64'
29 silly reify ]
30 verbose reify failed optional dependency C:\Users\ExcoSia\Desktop\WHIF\TheRedContract\node_modules\@rollup\rollup-linux-x64-musl
31 silly reify mark deleted [
31 silly reify   'C:\\Users\\ExcoSia\\Desktop\\WHIF\\TheRedContract\\node_modules\\@rollup\\rollup-linux-x64-musl'
31 silly reify ]
32 verbose reify failed optional dependency C:\Users\ExcoSia\Desktop\WHIF\TheRedContract\node_modules\@rollup\rollup-linux-x64-gnu
33 silly reify mark deleted [
33 silly reify   'C:\\Users\\ExcoSia\\Desktop\\WHIF\\TheRedContract\\node_modules\\@rollup\\rollup-linux-x64-gnu'
33 silly reify ]
34 verbose reify failed optional dependency C:\Users\ExcoSia\Desktop\WHIF\TheRedContract\node_modules\@rollup\rollup-linux-s390x-gnu
35 silly reify mark deleted [
35 silly reify   'C:\\Users\\ExcoSia\\Desktop\\WHIF\\TheRedContract\\node_modules\\@rollup\\rollup-linux-s390x-gnu'
35 silly reify ]
36 verbose reify failed optional dependency C:\Users\ExcoSia\Desktop\WHIF\TheRedContract\node_modules\@rollup\rollup-linux-riscv64-musl
37 silly reify mark deleted [
37 silly reify   'C:\\Users\\ExcoSia\\Desktop\\WHIF\\TheRedContract\\node_modules\\@rollup\\rollup-linux-riscv64-musl'
37 silly reify ]
38 verbose reify failed optional dependency C:\Users\ExcoSia\Desktop\WHIF\TheRedContract\node_modules\@rollup\rollup-linux-riscv64-gnu
39 silly reify mark deleted [
39 silly reify   'C:\\Users\\ExcoSia\\Desktop\\WHIF\\TheRedContract\\node_modules\\@rollup\\rollup-linux-riscv64-gnu'
39 silly reify ]
40 verbose reify failed optional dependency C:\Users\ExcoSia\Desktop\WHIF\TheRedContract\node_modules\@rollup\rollup-linux-ppc64-musl
41 silly reify mark deleted [
41 silly reify   'C:\\Users\\ExcoSia\\Desktop\\WHIF\\TheRedContract\\node_modules\\@rollup\\rollup-linux-ppc64-musl'
41 silly reify ]
42 verbose reify failed optional dependency C:\Users\ExcoSia\Desktop\WHIF\TheRedContract\node_modules\@rollup\rollup-linux-ppc64-gnu
43 silly reify mark deleted [
43 silly reify   'C:\\Users\\ExcoSia\\Desktop\\WHIF\\TheRedContract\\node_modules\\@rollup\\rollup-linux-ppc64-gnu'
43 silly reify ]
44 verbose reify failed optional dependency C:\Users\ExcoSia\Desktop\WHIF\TheRedContract\node_modules\@rollup\rollup-linux-loong64-musl
45 silly reify mark deleted [
45 silly reify   'C:\\Users\\ExcoSia\\Desktop\\WHIF\\TheRedContract\\node_modules\\@rollup\\rollup-linux-loong64-musl'
45 silly reify ]
46 verbose reify failed optional dependency C:\Users\ExcoSia\Desktop\WHIF\TheRedContract\node_modules\@rollup\rollup-linux-loong64-gnu
47 silly reify mark deleted [
47 silly reify   'C:\\Users\\ExcoSia\\Desktop\\WHIF\\TheRedContract\\node_modules\\@rollup\\rollup-linux-loong64-gnu'
47 silly reify ]
48 verbose reify failed optional dependency C:\Users\ExcoSia\Desktop\WHIF\TheRedContract\node_modules\@rollup\rollup-linux-arm64-musl
49 silly reify mark deleted [
49 silly reify   'C:\\Users\\ExcoSia\\Desktop\\WHIF\\TheRedContract\\node_modules\\@rollup\\rollup-linux-arm64-musl'
49 silly reify ]
50 verbose reify failed optional dependency C:\Users\ExcoSia\Desktop\WHIF\TheRedContract\node_modules\@rollup\rollup-linux-arm64-gnu
51 silly reify mark deleted [
51 silly reify   'C:\\Users\\ExcoSia\\Desktop\\WHIF\\TheRedContract\\node_modules\\@rollup\\rollup-linux-arm64-gnu'
51 silly reify ]
52 verbose reify failed optional dependency C:\Users\ExcoSia\Desktop\WHIF\TheRedContract\node_modules\@rollup\rollup-linux-arm-musleabihf
53 silly reify mark deleted [
53 silly reify   'C:\\Users\\ExcoSia\\Desktop\\WHIF\\TheRedContract\\node_modules\\@rollup\\rollup-linux-arm-musleabihf'
53 silly reify ]
54 verbose reify failed optional dependency C:\Users\ExcoSia\Desktop\WHIF\TheRedContract\node_modules\@rollup\rollup-linux-arm-gnueabihf
55 silly reify mark deleted [
55 silly reify   'C:\\Users\\ExcoSia\\Desktop\\WHIF\\TheRedContract\\node_modules\\@rollup\\rollup-linux-arm-gnueabihf'
55 silly reify ]
56 verbose reify failed optional dependency C:\Users\ExcoSia\Desktop\WHIF\TheRedContract\node_modules\@rollup\rollup-freebsd-x64
57 silly reify mark deleted [
57 silly reify   'C:\\Users\\ExcoSia\\Desktop\\WHIF\\TheRedContract\\node_modules\\@rollup\\rollup-freebsd-x64'
57 silly reify ]
58 verbose reify failed optional dependency C:\Users\ExcoSia\Desktop\WHIF\TheRedContract\node_modules\@rollup\rollup-freebsd-arm64
59 silly reify mark deleted [
59 silly reify   'C:\\Users\\ExcoSia\\Desktop\\WHIF\\TheRedContract\\node_modules\\@rollup\\rollup-freebsd-arm64'
59 silly reify ]
60 verbose reify failed optional dependency C:\Users\ExcoSia\Desktop\WHIF\TheRedContract\node_modules\@rollup\rollup-darwin-x64
61 silly reify mark deleted [
61 silly reify   'C:\\Users\\ExcoSia\\Desktop\\WHIF\\TheRedContract\\node_modules\\@rollup\\rollup-darwin-x64'
61 silly reify ]
62 verbose reify failed optional dependency C:\Users\ExcoSia\Desktop\WHIF\TheRedContract\node_modules\@rollup\rollup-darwin-arm64
63 silly reify mark deleted [
63 silly reify   'C:\\Users\\ExcoSia\\Desktop\\WHIF\\TheRedContract\\node_modules\\@rollup\\rollup-darwin-arm64'
63 silly reify ]
64 verbose reify failed optional dependency C:\Users\ExcoSia\Desktop\WHIF\TheRedContract\node_modules\@rollup\rollup-android-arm64
65 silly reify mark deleted [
65 silly reify   'C:\\Users\\ExcoSia\\Desktop\\WHIF\\TheRedContract\\node_modules\\@rollup\\rollup-android-arm64'
65 silly reify ]
66 verbose reify failed optional dependency C:\Users\ExcoSia\Desktop\WHIF\TheRedContract\node_modules\@rollup\rollup-android-arm-eabi
67 silly reify mark deleted [
67 silly reify   'C:\\Users\\ExcoSia\\Desktop\\WHIF\\TheRedContract\\node_modules\\@rollup\\rollup-android-arm-eabi'
67 silly reify ]
68 verbose reify failed optional dependency C:\Users\ExcoSia\Desktop\WHIF\TheRedContract\node_modules\@esbuild\win32-ia32
69 silly reify mark deleted [
69 silly reify   'C:\\Users\\ExcoSia\\Desktop\\WHIF\\TheRedContract\\node_modules\\@esbuild\\win32-ia32'
69 silly reify ]
70 verbose reify failed optional dependency C:\Users\ExcoSia\Desktop\WHIF\TheRedContract\node_modules\@esbuild\win32-arm64
71 silly reify mark deleted [
71 silly reify   'C:\\Users\\ExcoSia\\Desktop\\WHIF\\TheRedContract\\node_modules\\@esbuild\\win32-arm64'
71 silly reify ]
72 verbose reify failed optional dependency C:\Users\ExcoSia\Desktop\WHIF\TheRedContract\node_modules\@esbuild\sunos-x64
73 silly reify mark deleted [
73 silly reify   'C:\\Users\\ExcoSia\\Desktop\\WHIF\\TheRedContract\\node_modules\\@esbuild\\sunos-x64'
73 silly reify ]
74 verbose reify failed optional dependency C:\Users\ExcoSia\Desktop\WHIF\TheRedContract\node_modules\@esbuild\openharmony-arm64
75 silly reify mark deleted [
75 silly reify   'C:\\Users\\ExcoSia\\Desktop\\WHIF\\TheRedContract\\node_modules\\@esbuild\\openharmony-arm64'
75 silly reify ]
76 verbose reify failed optional dependency C:\Users\ExcoSia\Desktop\WHIF\TheRedContract\node_modules\@esbuild\openbsd-x64
77 silly reify mark deleted [
77 silly reify   'C:\\Users\\ExcoSia\\Desktop\\WHIF\\TheRedContract\\node_modules\\@esbuild\\openbsd-x64'
77 silly reify ]
78 verbose reify failed optional dependency C:\Users\ExcoSia\Desktop\WHIF\TheRedContract\node_modules\@esbuild\openbsd-arm64
79 silly reify mark deleted [
79 silly reify   'C:\\Users\\ExcoSia\\Desktop\\WHIF\\TheRedContract\\node_modules\\@esbuild\\openbsd-arm64'
79 silly reify ]
80 verbose reify failed optional dependency C:\Users\ExcoSia\Desktop\WHIF\TheRedContract\node_modules\@esbuild\netbsd-x64
81 silly reify mark deleted [
81 silly reify   'C:\\Users\\ExcoSia\\Desktop\\WHIF\\TheRedContract\\node_modules\\@esbuild\\netbsd-x64'
81 silly reify ]
82 verbose reify failed optional dependency C:\Users\ExcoSia\Desktop\WHIF\TheRedContract\node_modules\@esbuild\netbsd-arm64
83 silly reify mark deleted [
83 silly reify   'C:\\Users\\ExcoSia\\Desktop\\WHIF\\TheRedContract\\node_modules\\@esbuild\\netbsd-arm64'
83 silly reify ]
84 verbose reify failed optional dependency C:\Users\ExcoSia\Desktop\WHIF\TheRedContract\node_modules\@esbuild\linux-x64
85 silly reify mark deleted [
85 silly reify   'C:\\Users\\ExcoSia\\Desktop\\WHIF\\TheRedContract\\node_modules\\@esbuild\\linux-x64'
85 silly reify ]
86 verbose reify failed optional dependency C:\Users\ExcoSia\Desktop\WHIF\TheRedContract\node_modules\@esbuild\linux-s390x
87 silly reify mark deleted [
87 silly reify   'C:\\Users\\ExcoSia\\Desktop\\WHIF\\TheRedContract\\node_modules\\@esbuild\\linux-s390x'
87 silly reify ]
88 verbose reify failed optional dependency C:\Users\ExcoSia\Desktop\WHIF\TheRedContract\node_modules\@esbuild\linux-riscv64
89 silly reify mark deleted [
89 silly reify   'C:\\Users\\ExcoSia\\Desktop\\WHIF\\TheRedContract\\node_modules\\@esbuild\\linux-riscv64'
89 silly reify ]
90 verbose reify failed optional dependency C:\Users\ExcoSia\Desktop\WHIF\TheRedContract\node_modules\@esbuild\linux-ppc64
91 silly reify mark deleted [
91 silly reify   'C:\\Users\\ExcoSia\\Desktop\\WHIF\\TheRedContract\\node_modules\\@esbuild\\linux-ppc64'
91 silly reify ]
92 verbose reify failed optional dependency C:\Users\ExcoSia\Desktop\WHIF\TheRedContract\node_modules\@esbuild\linux-mips64el
93 silly reify mark deleted [
93 silly reify   'C:\\Users\\ExcoSia\\Desktop\\WHIF\\TheRedContract\\node_modules\\@esbuild\\linux-mips64el'
93 silly reify ]
94 verbose reify failed optional dependency C:\Users\ExcoSia\Desktop\WHIF\TheRedContract\node_modules\@esbuild\linux-loong64
95 silly reify mark deleted [
95 silly reify   'C:\\Users\\ExcoSia\\Desktop\\WHIF\\TheRedContract\\node_modules\\@esbuild\\linux-loong64'
95 silly reify ]
96 verbose reify failed optional dependency C:\Users\ExcoSia\Desktop\WHIF\TheRedContract\node_modules\@esbuild\linux-ia32
97 silly reify mark deleted [
97 silly reify   'C:\\Users\\ExcoSia\\Desktop\\WHIF\\TheRedContract\\node_modules\\@esbuild\\linux-ia32'
97 silly reify ]
98 verbose reify failed optional dependency C:\Users\ExcoSia\Desktop\WHIF\TheRedContract\node_modules\@esbuild\linux-arm64
99 silly reify mark deleted [
99 silly reify   'C:\\Users\\ExcoSia\\Desktop\\WHIF\\TheRedContract\\node_modules\\@esbuild\\linux-arm64'
99 silly reify ]
100 verbose reify failed optional dependency C:\Users\ExcoSia\Desktop\WHIF\TheRedContract\node_modules\@esbuild\linux-arm
101 silly reify mark deleted [
101 silly reify   'C:\\Users\\ExcoSia\\Desktop\\WHIF\\TheRedContract\\node_modules\\@esbuild\\linux-arm'
101 silly reify ]
102 verbose reify failed optional dependency C:\Users\ExcoSia\Desktop\WHIF\TheRedContract\node_modules\@esbuild\freebsd-x64
103 silly reify mark deleted [
103 silly reify   'C:\\Users\\ExcoSia\\Desktop\\WHIF\\TheRedContract\\node_modules\\@esbuild\\freebsd-x64'
103 silly reify ]
104 verbose reify failed optional dependency C:\Users\ExcoSia\Desktop\WHIF\TheRedContract\node_modules\@esbuild\freebsd-arm64
105 silly reify mark deleted [
105 silly reify   'C:\\Users\\ExcoSia\\Desktop\\WHIF\\TheRedContract\\node_modules\\@esbuild\\freebsd-arm64'
105 silly reify ]
106 verbose reify failed optional dependency C:\Users\ExcoSia\Desktop\WHIF\TheRedContract\node_modules\@esbuild\darwin-x64
107 silly reify mark deleted [
107 silly reify   'C:\\Users\\ExcoSia\\Desktop\\WHIF\\TheRedContract\\node_modules\\@esbuild\\darwin-x64'
107 silly reify ]
108 verbose reify failed optional dependency C:\Users\ExcoSia\Desktop\WHIF\TheRedContract\node_modules\@esbuild\darwin-arm64
109 silly reify mark deleted [
109 silly reify   'C:\\Users\\ExcoSia\\Desktop\\WHIF\\TheRedContract\\node_modules\\@esbuild\\darwin-arm64'
109 silly reify ]
110 verbose reify failed optional dependency C:\Users\ExcoSia\Desktop\WHIF\TheRedContract\node_modules\@esbuild\android-x64
111 silly reify mark deleted [
111 silly reify   'C:\\Users\\ExcoSia\\Desktop\\WHIF\\TheRedContract\\node_modules\\@esbuild\\android-x64'
111 silly reify ]
112 verbose reify failed optional dependency C:\Users\ExcoSia\Desktop\WHIF\TheRedContract\node_modules\@esbuild\android-arm64
113 silly reify mark deleted [
113 silly reify   'C:\\Users\\ExcoSia\\Desktop\\WHIF\\TheRedContract\\node_modules\\@esbuild\\android-arm64'
113 silly reify ]
114 verbose reify failed optional dependency C:\Users\ExcoSia\Desktop\WHIF\TheRedContract\node_modules\@esbuild\android-arm
115 silly reify mark deleted [
115 silly reify   'C:\\Users\\ExcoSia\\Desktop\\WHIF\\TheRedContract\\node_modules\\@esbuild\\android-arm'
115 silly reify ]
116 verbose reify failed optional dependency C:\Users\ExcoSia\Desktop\WHIF\TheRedContract\node_modules\@esbuild\aix-ppc64
117 silly reify mark deleted [
117 silly reify   'C:\\Users\\ExcoSia\\Desktop\\WHIF\\TheRedContract\\node_modules\\@esbuild\\aix-ppc64'
117 silly reify ]
118 http cache yallist@https://registry.npmjs.org/yallist/-/yallist-3.1.1.tgz 0ms (cache hit)
119 http cache vite@https://registry.npmjs.org/vite/-/vite-7.3.5.tgz 0ms (cache hit)
120 http cache update-browserslist-db@https://registry.npmjs.org/update-browserslist-db/-/update-browserslist-db-1.2.3.tgz 0ms (cache hit)
121 http cache typescript@https://registry.npmjs.org/typescript/-/typescript-5.9.3.tgz 0ms (cache hit)
122 http cache tinyglobby@https://registry.npmjs.org/tinyglobby/-/tinyglobby-0.2.17.tgz 0ms (cache hit)
123 http cache undici-types@https://registry.npmjs.org/undici-types/-/undici-types-7.18.2.tgz 0ms (cache hit)
124 http cache scheduler@https://registry.npmjs.org/scheduler/-/scheduler-0.27.0.tgz 0ms (cache hit)
125 http cache source-map-js@https://registry.npmjs.org/source-map-js/-/source-map-js-1.2.1.tgz 0ms (cache hit)
126 http cache semver@https://registry.npmjs.org/semver/-/semver-6.3.1.tgz 0ms (cache hit)
127 http cache react-refresh@https://registry.npmjs.org/react-refresh/-/react-refresh-0.18.0.tgz 0ms (cache hit)
128 http cache rollup@https://registry.npmjs.org/rollup/-/rollup-4.62.0.tgz 0ms (cache hit)
129 http cache react@https://registry.npmjs.org/react/-/react-19.2.7.tgz 0ms (cache hit)
130 http cache postcss@https://registry.npmjs.org/postcss/-/postcss-8.5.15.tgz 0ms (cache hit)
131 http cache react-dom@https://registry.npmjs.org/react-dom/-/react-dom-19.2.7.tgz 0ms (cache hit)
132 http cache picomatch@https://registry.npmjs.org/picomatch/-/picomatch-4.0.4.tgz 0ms (cache hit)
133 http cache nanoid@https://registry.npmjs.org/nanoid/-/nanoid-3.3.12.tgz 0ms (cache hit)
134 http cache picocolors@https://registry.npmjs.org/picocolors/-/picocolors-1.1.1.tgz 0ms (cache hit)
135 http cache ms@https://registry.npmjs.org/ms/-/ms-2.1.3.tgz 0ms (cache hit)
136 http cache node-releases@https://registry.npmjs.org/node-releases/-/node-releases-2.0.47.tgz 0ms (cache hit)
137 http cache lucide-react@https://registry.npmjs.org/lucide-react/-/lucide-react-0.468.0.tgz 0ms (cache hit)
138 http cache jsesc@https://registry.npmjs.org/jsesc/-/jsesc-3.1.0.tgz 0ms (cache hit)
139 http cache lru-cache@https://registry.npmjs.org/lru-cache/-/lru-cache-5.1.1.tgz 0ms (cache hit)
140 http cache json5@https://registry.npmjs.org/json5/-/json5-2.2.3.tgz 0ms (cache hit)
141 http cache js-tokens@https://registry.npmjs.org/js-tokens/-/js-tokens-4.0.0.tgz 0ms (cache hit)
142 http cache gensync@https://registry.npmjs.org/gensync/-/gensync-1.0.0-beta.2.tgz 0ms (cache hit)
143 http cache fdir@https://registry.npmjs.org/fdir/-/fdir-6.5.0.tgz 0ms (cache hit)
144 http cache escalade@https://registry.npmjs.org/escalade/-/escalade-3.2.0.tgz 0ms (cache hit)
145 http cache esbuild@https://registry.npmjs.org/esbuild/-/esbuild-0.27.7.tgz 0ms (cache hit)
146 http cache electron-to-chromium@https://registry.npmjs.org/electron-to-chromium/-/electron-to-chromium-1.5.375.tgz 0ms (cache hit)
147 http cache debug@https://registry.npmjs.org/debug/-/debug-4.4.3.tgz 0ms (cache hit)
148 http cache convert-source-map@https://registry.npmjs.org/convert-source-map/-/convert-source-map-2.0.0.tgz 0ms (cache hit)
149 http cache csstype@https://registry.npmjs.org/csstype/-/csstype-3.2.3.tgz 0ms (cache hit)
150 http cache @types/react-dom@https://registry.npmjs.org/@types/react-dom/-/react-dom-19.2.3.tgz 0ms (cache hit)
151 http cache browserslist@https://registry.npmjs.org/browserslist/-/browserslist-4.28.2.tgz 0ms (cache hit)
152 http cache caniuse-lite@https://registry.npmjs.org/caniuse-lite/-/caniuse-lite-1.0.30001799.tgz 0ms (cache hit)
153 http cache @vitejs/plugin-react@https://registry.npmjs.org/@vitejs/plugin-react/-/plugin-react-5.2.0.tgz 0ms (cache hit)
154 http cache @types/react@https://registry.npmjs.org/@types/react/-/react-19.2.17.tgz 0ms (cache hit)
155 http cache @types/node@https://registry.npmjs.org/@types/node/-/node-24.13.2.tgz 0ms (cache hit)
156 http cache baseline-browser-mapping@https://registry.npmjs.org/baseline-browser-mapping/-/baseline-browser-mapping-2.10.37.tgz 1ms (cache hit)
157 http cache @types/estree@https://registry.npmjs.org/@types/estree/-/estree-1.0.9.tgz 0ms (cache hit)
158 http cache @types/babel__template@https://registry.npmjs.org/@types/babel__template/-/babel__template-7.4.4.tgz 0ms (cache hit)
159 http cache @types/babel__traverse@https://registry.npmjs.org/@types/babel__traverse/-/babel__traverse-7.28.0.tgz 0ms (cache hit)
160 http cache @types/babel__core@https://registry.npmjs.org/@types/babel__core/-/babel__core-7.20.5.tgz 0ms (cache hit)
161 http cache @rollup/rollup-win32-x64-msvc@https://registry.npmjs.org/@rollup/rollup-win32-x64-msvc/-/rollup-win32-x64-msvc-4.62.0.tgz 0ms (cache hit)
162 http cache @babel/traverse@https://registry.npmjs.org/@babel/traverse/-/traverse-7.29.7.tgz 0ms (cache hit)
163 http cache @rollup/rollup-win32-x64-gnu@https://registry.npmjs.org/@rollup/rollup-win32-x64-gnu/-/rollup-win32-x64-gnu-4.62.0.tgz 0ms (cache hit)
164 http cache @rolldown/pluginutils@https://registry.npmjs.org/@rolldown/pluginutils/-/pluginutils-1.0.0-rc.3.tgz 0ms (cache hit)
165 http cache @types/babel__generator@https://registry.npmjs.org/@types/babel__generator/-/babel__generator-7.27.0.tgz 0ms (cache hit)
166 http cache @babel/template@https://registry.npmjs.org/@babel/template/-/template-7.29.7.tgz 0ms (cache hit)
167 http cache @jridgewell/trace-mapping@https://registry.npmjs.org/@jridgewell/trace-mapping/-/trace-mapping-0.3.31.tgz 0ms (cache hit)
168 http cache @jridgewell/sourcemap-codec@https://registry.npmjs.org/@jridgewell/sourcemap-codec/-/sourcemap-codec-1.5.5.tgz 0ms (cache hit)
169 http cache @jridgewell/resolve-uri@https://registry.npmjs.org/@jridgewell/resolve-uri/-/resolve-uri-3.1.2.tgz 0ms (cache hit)
170 http cache @esbuild/win32-x64@https://registry.npmjs.org/@esbuild/win32-x64/-/win32-x64-0.27.7.tgz 0ms (cache hit)
171 http cache @babel/parser@https://registry.npmjs.org/@babel/parser/-/parser-7.29.7.tgz 0ms (cache hit)
172 http cache @babel/plugin-transform-react-jsx-self@https://registry.npmjs.org/@babel/plugin-transform-react-jsx-self/-/plugin-transform-react-jsx-self-7.29.7.tgz 0ms (cache hit)
173 http cache @babel/helper-validator-option@https://registry.npmjs.org/@babel/helper-validator-option/-/helper-validator-option-7.29.7.tgz 0ms (cache hit)
174 http cache @babel/helpers@https://registry.npmjs.org/@babel/helpers/-/helpers-7.29.7.tgz 0ms (cache hit)
175 http cache @babel/helper-validator-identifier@https://registry.npmjs.org/@babel/helper-validator-identifier/-/helper-validator-identifier-7.29.7.tgz 0ms (cache hit)
176 http cache @babel/plugin-transform-react-jsx-source@https://registry.npmjs.org/@babel/plugin-transform-react-jsx-source/-/plugin-transform-react-jsx-source-7.29.7.tgz 0ms (cache hit)
177 http cache @babel/helper-plugin-utils@https://registry.npmjs.org/@babel/helper-plugin-utils/-/helper-plugin-utils-7.29.7.tgz 0ms (cache hit)
178 http cache @babel/helper-globals@https://registry.npmjs.org/@babel/helper-globals/-/helper-globals-7.29.7.tgz 0ms (cache hit)
179 http cache @babel/helper-module-imports@https://registry.npmjs.org/@babel/helper-module-imports/-/helper-module-imports-7.29.7.tgz 0ms (cache hit)
180 http cache @babel/helper-string-parser@https://registry.npmjs.org/@babel/helper-string-parser/-/helper-string-parser-7.29.7.tgz 0ms (cache hit)
181 http cache @babel/generator@https://registry.npmjs.org/@babel/generator/-/generator-7.29.7.tgz 0ms (cache hit)
182 http cache @babel/core@https://registry.npmjs.org/@babel/core/-/core-7.29.7.tgz 0ms (cache hit)
183 http cache @jridgewell/remapping@https://registry.npmjs.org/@jridgewell/remapping/-/remapping-2.3.5.tgz 0ms (cache hit)
184 http cache @babel/code-frame@https://registry.npmjs.org/@babel/code-frame/-/code-frame-7.29.7.tgz 0ms (cache hit)
185 http cache @jridgewell/gen-mapping@https://registry.npmjs.org/@jridgewell/gen-mapping/-/gen-mapping-0.3.13.tgz 0ms (cache hit)
186 http cache @babel/compat-data@https://registry.npmjs.org/@babel/compat-data/-/compat-data-7.29.7.tgz 0ms (cache hit)
187 silly tarball no local data for yallist@https://registry.npmjs.org/yallist/-/yallist-3.1.1.tgz. Extracting by manifest.
188 http cache @babel/helper-compilation-targets@https://registry.npmjs.org/@babel/helper-compilation-targets/-/helper-compilation-targets-7.29.7.tgz 0ms (cache hit)
189 silly tarball no local data for vite@https://registry.npmjs.org/vite/-/vite-7.3.5.tgz. Extracting by manifest.
190 http cache @babel/types@https://registry.npmjs.org/@babel/types/-/types-7.29.7.tgz 0ms (cache hit)
191 silly tarball no local data for update-browserslist-db@https://registry.npmjs.org/update-browserslist-db/-/update-browserslist-db-1.2.3.tgz. Extracting by manifest.
192 silly tarball no local data for typescript@https://registry.npmjs.org/typescript/-/typescript-5.9.3.tgz. Extracting by manifest.
193 http cache @babel/helper-module-transforms@https://registry.npmjs.org/@babel/helper-module-transforms/-/helper-module-transforms-7.29.7.tgz 0ms (cache hit)
194 silly tarball no local data for tinyglobby@https://registry.npmjs.org/tinyglobby/-/tinyglobby-0.2.17.tgz. Extracting by manifest.
195 silly tarball no local data for undici-types@https://registry.npmjs.org/undici-types/-/undici-types-7.18.2.tgz. Extracting by manifest.
196 silly tarball no local data for scheduler@https://registry.npmjs.org/scheduler/-/scheduler-0.27.0.tgz. Extracting by manifest.
197 silly tarball no local data for source-map-js@https://registry.npmjs.org/source-map-js/-/source-map-js-1.2.1.tgz. Extracting by manifest.
198 silly tarball no local data for semver@https://registry.npmjs.org/semver/-/semver-6.3.1.tgz. Extracting by manifest.
199 silly tarball no local data for react-refresh@https://registry.npmjs.org/react-refresh/-/react-refresh-0.18.0.tgz. Extracting by manifest.
200 silly tarball no local data for rollup@https://registry.npmjs.org/rollup/-/rollup-4.62.0.tgz. Extracting by manifest.
201 silly tarball no local data for react@https://registry.npmjs.org/react/-/react-19.2.7.tgz. Extracting by manifest.
202 silly tarball no local data for postcss@https://registry.npmjs.org/postcss/-/postcss-8.5.15.tgz. Extracting by manifest.
203 silly tarball no local data for react-dom@https://registry.npmjs.org/react-dom/-/react-dom-19.2.7.tgz. Extracting by manifest.
204 silly tarball no local data for picomatch@https://registry.npmjs.org/picomatch/-/picomatch-4.0.4.tgz. Extracting by manifest.
205 silly tarball no local data for nanoid@https://registry.npmjs.org/nanoid/-/nanoid-3.3.12.tgz. Extracting by manifest.
206 silly tarball no local data for picocolors@https://registry.npmjs.org/picocolors/-/picocolors-1.1.1.tgz. Extracting by manifest.
207 silly tarball no local data for ms@https://registry.npmjs.org/ms/-/ms-2.1.3.tgz. Extracting by manifest.
208 silly tarball no local data for node-releases@https://registry.npmjs.org/node-releases/-/node-releases-2.0.47.tgz. Extracting by manifest.
209 silly tarball no local data for lucide-react@https://registry.npmjs.org/lucide-react/-/lucide-react-0.468.0.tgz. Extracting by manifest.
210 silly tarball no local data for jsesc@https://registry.npmjs.org/jsesc/-/jsesc-3.1.0.tgz. Extracting by manifest.
211 silly tarball no local data for lru-cache@https://registry.npmjs.org/lru-cache/-/lru-cache-5.1.1.tgz. Extracting by manifest.
212 silly tarball no local data for json5@https://registry.npmjs.org/json5/-/json5-2.2.3.tgz. Extracting by manifest.
213 silly tarball no local data for js-tokens@https://registry.npmjs.org/js-tokens/-/js-tokens-4.0.0.tgz. Extracting by manifest.
214 silly tarball no local data for gensync@https://registry.npmjs.org/gensync/-/gensync-1.0.0-beta.2.tgz. Extracting by manifest.
215 silly tarball no local data for fdir@https://registry.npmjs.org/fdir/-/fdir-6.5.0.tgz. Extracting by manifest.
216 silly tarball no local data for escalade@https://registry.npmjs.org/escalade/-/escalade-3.2.0.tgz. Extracting by manifest.
217 silly tarball no local data for esbuild@https://registry.npmjs.org/esbuild/-/esbuild-0.27.7.tgz. Extracting by manifest.
218 silly tarball no local data for electron-to-chromium@https://registry.npmjs.org/electron-to-chromium/-/electron-to-chromium-1.5.375.tgz. Extracting by manifest.
219 silly tarball no local data for debug@https://registry.npmjs.org/debug/-/debug-4.4.3.tgz. Extracting by manifest.
220 silly tarball no local data for convert-source-map@https://registry.npmjs.org/convert-source-map/-/convert-source-map-2.0.0.tgz. Extracting by manifest.
221 silly tarball no local data for csstype@https://registry.npmjs.org/csstype/-/csstype-3.2.3.tgz. Extracting by manifest.
222 silly tarball no local data for @types/react-dom@https://registry.npmjs.org/@types/react-dom/-/react-dom-19.2.3.tgz. Extracting by manifest.
223 silly tarball no local data for browserslist@https://registry.npmjs.org/browserslist/-/browserslist-4.28.2.tgz. Extracting by manifest.
224 silly tarball no local data for caniuse-lite@https://registry.npmjs.org/caniuse-lite/-/caniuse-lite-1.0.30001799.tgz. Extracting by manifest.
225 silly tarball no local data for @vitejs/plugin-react@https://registry.npmjs.org/@vitejs/plugin-react/-/plugin-react-5.2.0.tgz. Extracting by manifest.
226 silly tarball no local data for @types/react@https://registry.npmjs.org/@types/react/-/react-19.2.17.tgz. Extracting by manifest.
227 silly tarball no local data for @types/node@https://registry.npmjs.org/@types/node/-/node-24.13.2.tgz. Extracting by manifest.
228 silly tarball no local data for baseline-browser-mapping@https://registry.npmjs.org/baseline-browser-mapping/-/baseline-browser-mapping-2.10.37.tgz. Extracting by manifest.
229 silly tarball no local data for @types/estree@https://registry.npmjs.org/@types/estree/-/estree-1.0.9.tgz. Extracting by manifest.
230 silly tarball no local data for @types/babel__template@https://registry.npmjs.org/@types/babel__template/-/babel__template-7.4.4.tgz. Extracting by manifest.
231 silly tarball no local data for @types/babel__traverse@https://registry.npmjs.org/@types/babel__traverse/-/babel__traverse-7.28.0.tgz. Extracting by manifest.
232 silly tarball no local data for @types/babel__core@https://registry.npmjs.org/@types/babel__core/-/babel__core-7.20.5.tgz. Extracting by manifest.
233 silly tarball no local data for @rollup/rollup-win32-x64-msvc@https://registry.npmjs.org/@rollup/rollup-win32-x64-msvc/-/rollup-win32-x64-msvc-4.62.0.tgz. Extracting by manifest.
234 silly tarball no local data for @babel/traverse@https://registry.npmjs.org/@babel/traverse/-/traverse-7.29.7.tgz. Extracting by manifest.
235 silly tarball no local data for @rollup/rollup-win32-x64-gnu@https://registry.npmjs.org/@rollup/rollup-win32-x64-gnu/-/rollup-win32-x64-gnu-4.62.0.tgz. Extracting by manifest.
236 silly tarball no local data for @rolldown/pluginutils@https://registry.npmjs.org/@rolldown/pluginutils/-/pluginutils-1.0.0-rc.3.tgz. Extracting by manifest.
237 silly tarball no local data for @types/babel__generator@https://registry.npmjs.org/@types/babel__generator/-/babel__generator-7.27.0.tgz. Extracting by manifest.
238 silly tarball no local data for @babel/template@https://registry.npmjs.org/@babel/template/-/template-7.29.7.tgz. Extracting by manifest.
239 silly tarball no local data for @jridgewell/trace-mapping@https://registry.npmjs.org/@jridgewell/trace-mapping/-/trace-mapping-0.3.31.tgz. Extracting by manifest.
240 silly tarball no local data for @jridgewell/sourcemap-codec@https://registry.npmjs.org/@jridgewell/sourcemap-codec/-/sourcemap-codec-1.5.5.tgz. Extracting by manifest.
241 silly tarball no local data for @jridgewell/resolve-uri@https://registry.npmjs.org/@jridgewell/resolve-uri/-/resolve-uri-3.1.2.tgz. Extracting by manifest.
242 silly tarball no local data for @esbuild/win32-x64@https://registry.npmjs.org/@esbuild/win32-x64/-/win32-x64-0.27.7.tgz. Extracting by manifest.
243 silly tarball no local data for @babel/parser@https://registry.npmjs.org/@babel/parser/-/parser-7.29.7.tgz. Extracting by manifest.
244 silly tarball no local data for @babel/plugin-transform-react-jsx-self@https://registry.npmjs.org/@babel/plugin-transform-react-jsx-self/-/plugin-transform-react-jsx-self-7.29.7.tgz. Extracting by manifest.
245 silly tarball no local data for @babel/helper-validator-option@https://registry.npmjs.org/@babel/helper-validator-option/-/helper-validator-option-7.29.7.tgz. Extracting by manifest.
246 silly tarball no local data for @babel/helpers@https://registry.npmjs.org/@babel/helpers/-/helpers-7.29.7.tgz. Extracting by manifest.
247 silly tarball no local data for @babel/helper-validator-identifier@https://registry.npmjs.org/@babel/helper-validator-identifier/-/helper-validator-identifier-7.29.7.tgz. Extracting by manifest.
248 silly tarball no local data for @babel/plugin-transform-react-jsx-source@https://registry.npmjs.org/@babel/plugin-transform-react-jsx-source/-/plugin-transform-react-jsx-source-7.29.7.tgz. Extracting by manifest.
249 silly tarball no local data for @babel/helper-plugin-utils@https://registry.npmjs.org/@babel/helper-plugin-utils/-/helper-plugin-utils-7.29.7.tgz. Extracting by manifest.
250 silly tarball no local data for @babel/helper-globals@https://registry.npmjs.org/@babel/helper-globals/-/helper-globals-7.29.7.tgz. Extracting by manifest.
251 silly tarball no local data for @babel/helper-module-imports@https://registry.npmjs.org/@babel/helper-module-imports/-/helper-module-imports-7.29.7.tgz. Extracting by manifest.
252 silly tarball no local data for @babel/helper-string-parser@https://registry.npmjs.org/@babel/helper-string-parser/-/helper-string-parser-7.29.7.tgz. Extracting by manifest.
253 silly tarball no local data for @babel/generator@https://registry.npmjs.org/@babel/generator/-/generator-7.29.7.tgz. Extracting by manifest.
254 silly tarball no local data for @babel/core@https://registry.npmjs.org/@babel/core/-/core-7.29.7.tgz. Extracting by manifest.
255 silly tarball no local data for @jridgewell/remapping@https://registry.npmjs.org/@jridgewell/remapping/-/remapping-2.3.5.tgz. Extracting by manifest.
256 silly tarball no local data for @babel/code-frame@https://registry.npmjs.org/@babel/code-frame/-/code-frame-7.29.7.tgz. Extracting by manifest.
257 silly tarball no local data for @jridgewell/gen-mapping@https://registry.npmjs.org/@jridgewell/gen-mapping/-/gen-mapping-0.3.13.tgz. Extracting by manifest.
258 silly tarball no local data for @babel/compat-data@https://registry.npmjs.org/@babel/compat-data/-/compat-data-7.29.7.tgz. Extracting by manifest.
259 silly tarball no local data for @babel/helper-compilation-targets@https://registry.npmjs.org/@babel/helper-compilation-targets/-/helper-compilation-targets-7.29.7.tgz. Extracting by manifest.
260 silly tarball no local data for @babel/types@https://registry.npmjs.org/@babel/types/-/types-7.29.7.tgz. Extracting by manifest.
261 silly tarball no local data for @babel/helper-module-transforms@https://registry.npmjs.org/@babel/helper-module-transforms/-/helper-module-transforms-7.29.7.tgz. Extracting by manifest.
262 http fetch GET 200 https://registry.npmjs.org/npm 428ms
263 http fetch GET 200 https://registry.npmjs.org/update-browserslist-db/-/update-browserslist-db-1.2.3.tgz 320ms (cache miss)
264 http fetch GET 200 https://registry.npmjs.org/tinyglobby/-/tinyglobby-0.2.17.tgz 321ms (cache miss)
265 http fetch GET 200 https://registry.npmjs.org/react-refresh/-/react-refresh-0.18.0.tgz 326ms (cache miss)
266 http fetch GET 200 https://registry.npmjs.org/scheduler/-/scheduler-0.27.0.tgz 342ms (cache miss)
267 http fetch GET 200 https://registry.npmjs.org/semver/-/semver-6.3.1.tgz 343ms (cache miss)
268 http fetch GET 200 https://registry.npmjs.org/nanoid/-/nanoid-3.3.12.tgz 341ms (cache miss)
269 http fetch GET 200 https://registry.npmjs.org/ms/-/ms-2.1.3.tgz 365ms (cache miss)
270 http fetch POST 200 https://registry.npmjs.org/-/npm/v1/security/advisories/bulk 426ms
271 silly audit report {
271 silly audit report   esbuild: [
271 silly audit report     {
271 silly audit report       id: 1120679,
271 silly audit report       url: 'https://github.com/advisories/GHSA-gv7w-rqvm-qjhr',
271 silly audit report       title: 'esbuild: Missing binary integrity verification in Deno module enables remote code execution via NPM_CONFIG_REGISTRY',
271 silly audit report       severity: 'high',
271 silly audit report       vulnerable_versions: '>=0.17.0 <0.28.1',
271 silly audit report       cwe: [Array],
271 silly audit report       cvss: [Object]
271 silly audit report     },
271 silly audit report     {
271 silly audit report       id: 1120680,
271 silly audit report       url: 'https://github.com/advisories/GHSA-g7r4-m6w7-qqqr',
271 silly audit report       title: 'esbuild allows arbitrary file read when running the development server on Windows',
271 silly audit report       severity: 'low',
271 silly audit report       vulnerable_versions: '>=0.27.3 <0.28.1',
271 silly audit report       cwe: [Array],
271 silly audit report       cvss: [Object]
271 silly audit report     }
271 silly audit report   ]
271 silly audit report }
272 silly packumentCache corgi:https://registry.npmjs.org/esbuild cache-miss
273 http fetch GET 200 https://registry.npmjs.org/picocolors/-/picocolors-1.1.1.tgz 406ms (cache miss)
274 http fetch GET 200 https://registry.npmjs.org/lru-cache/-/lru-cache-5.1.1.tgz 418ms (cache miss)
275 http fetch GET 200 https://registry.npmjs.org/gensync/-/gensync-1.0.0-beta.2.tgz 418ms (cache miss)
276 http fetch GET 200 https://registry.npmjs.org/node-releases/-/node-releases-2.0.47.tgz 439ms (cache miss)
277 http fetch GET 200 https://registry.npmjs.org/jsesc/-/jsesc-3.1.0.tgz 481ms (cache miss)
278 http fetch GET 200 https://registry.npmjs.org/js-tokens/-/js-tokens-4.0.0.tgz 485ms (cache miss)
279 http fetch GET 200 https://registry.npmjs.org/picomatch/-/picomatch-4.0.4.tgz 490ms (cache miss)
280 http fetch GET 200 https://registry.npmjs.org/convert-source-map/-/convert-source-map-2.0.0.tgz 494ms (cache miss)
281 http fetch GET 200 https://registry.npmjs.org/debug/-/debug-4.4.3.tgz 497ms (cache miss)
282 http fetch GET 200 https://registry.npmjs.org/fdir/-/fdir-6.5.0.tgz 506ms (cache miss)
283 http fetch GET 200 https://registry.npmjs.org/source-map-js/-/source-map-js-1.2.1.tgz 522ms (cache miss)
284 http fetch GET 200 https://registry.npmjs.org/escalade/-/escalade-3.2.0.tgz 589ms (cache miss)
285 http fetch GET 200 https://registry.npmjs.org/@types/estree/-/estree-1.0.9.tgz 605ms (cache miss)
286 http fetch GET 200 https://registry.npmjs.org/react/-/react-19.2.7.tgz 614ms (cache miss)
287 http fetch GET 200 https://registry.npmjs.org/@types/babel__template/-/babel__template-7.4.4.tgz 615ms (cache miss)
288 http fetch GET 200 https://registry.npmjs.org/esbuild/-/esbuild-0.27.7.tgz 619ms (cache miss)
289 http fetch GET 200 https://registry.npmjs.org/browserslist/-/browserslist-4.28.2.tgz 661ms (cache miss)
290 http fetch GET 200 https://registry.npmjs.org/@types/babel__core/-/babel__core-7.20.5.tgz 668ms (cache miss)
291 http fetch GET 200 https://registry.npmjs.org/@types/babel__traverse/-/babel__traverse-7.28.0.tgz 671ms (cache miss)
292 http fetch GET 200 https://registry.npmjs.org/@types/babel__generator/-/babel__generator-7.27.0.tgz 683ms (cache miss)
293 http fetch GET 200 https://registry.npmjs.org/baseline-browser-mapping/-/baseline-browser-mapping-2.10.37.tgz 686ms (cache miss)
294 http fetch GET 200 https://registry.npmjs.org/@vitejs/plugin-react/-/plugin-react-5.2.0.tgz 704ms (cache miss)
295 http fetch GET 200 https://registry.npmjs.org/@jridgewell/resolve-uri/-/resolve-uri-3.1.2.tgz 701ms (cache miss)
296 http fetch GET 200 https://registry.npmjs.org/@rolldown/pluginutils/-/pluginutils-1.0.0-rc.3.tgz 703ms (cache miss)
297 http fetch GET 200 https://registry.npmjs.org/electron-to-chromium/-/electron-to-chromium-1.5.375.tgz 734ms (cache miss)
298 http fetch GET 200 https://registry.npmjs.org/@types/react-dom/-/react-dom-19.2.3.tgz 735ms (cache miss)
299 http fetch GET 200 https://registry.npmjs.org/@babel/helper-validator-option/-/helper-validator-option-7.29.7.tgz 748ms (cache miss)
300 http fetch GET 200 https://registry.npmjs.org/@babel/helper-globals/-/helper-globals-7.29.7.tgz 787ms (cache miss)
301 http fetch GET 200 https://registry.npmjs.org/json5/-/json5-2.2.3.tgz 806ms (cache miss)
302 http fetch GET 200 https://registry.npmjs.org/@babel/plugin-transform-react-jsx-source/-/plugin-transform-react-jsx-source-7.29.7.tgz 799ms (cache miss)
303 http fetch GET 200 https://registry.npmjs.org/@babel/plugin-transform-react-jsx-self/-/plugin-transform-react-jsx-self-7.29.7.tgz 803ms (cache miss)
304 http fetch GET 200 https://registry.npmjs.org/@babel/helper-plugin-utils/-/helper-plugin-utils-7.29.7.tgz 808ms (cache miss)
305 http fetch GET 200 https://registry.npmjs.org/@babel/helper-string-parser/-/helper-string-parser-7.29.7.tgz 826ms (cache miss)
306 http fetch GET 200 https://registry.npmjs.org/@babel/helper-validator-identifier/-/helper-validator-identifier-7.29.7.tgz 847ms (cache miss)
307 http fetch GET 200 https://registry.npmjs.org/@babel/helper-compilation-targets/-/helper-compilation-targets-7.29.7.tgz 840ms (cache miss)
308 http fetch GET 200 https://registry.npmjs.org/@babel/code-frame/-/code-frame-7.29.7.tgz 851ms (cache miss)
309 http fetch GET 200 https://registry.npmjs.org/undici-types/-/undici-types-7.18.2.tgz 889ms (cache miss)
310 http fetch GET 200 https://registry.npmjs.org/@babel/template/-/template-7.29.7.tgz 905ms (cache miss)
311 http fetch GET 200 https://registry.npmjs.org/csstype/-/csstype-3.2.3.tgz 932ms (cache miss)
312 http fetch GET 200 https://registry.npmjs.org/@babel/helper-module-imports/-/helper-module-imports-7.29.7.tgz 925ms (cache miss)
313 http fetch GET 200 https://registry.npmjs.org/@types/react/-/react-19.2.17.tgz 959ms (cache miss)
314 http fetch GET 200 https://registry.npmjs.org/@jridgewell/sourcemap-codec/-/sourcemap-codec-1.5.5.tgz 1003ms (cache miss)
315 http fetch GET 200 https://registry.npmjs.org/postcss/-/postcss-8.5.15.tgz 1024ms (cache miss)
316 http fetch GET 200 https://registry.npmjs.org/@babel/compat-data/-/compat-data-7.29.7.tgz 1010ms (cache miss)
317 http fetch GET 200 https://registry.npmjs.org/@babel/helper-module-transforms/-/helper-module-transforms-7.29.7.tgz 1005ms (cache miss)
318 http fetch GET 200 https://registry.npmjs.org/esbuild 660ms (cache miss)
319 silly packumentCache corgi:https://registry.npmjs.org/esbuild set size:undefined disposed:false
320 silly packumentCache corgi:https://registry.npmjs.org/vite cache-miss
321 http fetch GET 200 https://registry.npmjs.org/@rollup/rollup-win32-x64-gnu/-/rollup-win32-x64-gnu-4.62.0.tgz 1099ms (cache miss)
322 http fetch GET 200 https://registry.npmjs.org/@jridgewell/remapping/-/remapping-2.3.5.tgz 1106ms (cache miss)
323 http fetch GET 200 https://registry.npmjs.org/@jridgewell/gen-mapping/-/gen-mapping-0.3.13.tgz 1114ms (cache miss)
324 http fetch GET 200 https://registry.npmjs.org/@babel/parser/-/parser-7.29.7.tgz 1130ms (cache miss)
325 http fetch GET 200 https://registry.npmjs.org/vite/-/vite-7.3.5.tgz 1164ms (cache miss)
326 http fetch GET 200 https://registry.npmjs.org/rollup/-/rollup-4.62.0.tgz 1163ms (cache miss)
327 http fetch GET 200 https://registry.npmjs.org/@rollup/rollup-win32-x64-msvc/-/rollup-win32-x64-msvc-4.62.0.tgz 1167ms (cache miss)
328 http fetch GET 200 https://registry.npmjs.org/@jridgewell/trace-mapping/-/trace-mapping-0.3.31.tgz 1166ms (cache miss)
329 http fetch GET 200 https://registry.npmjs.org/@babel/generator/-/generator-7.29.7.tgz 1186ms (cache miss)
330 http fetch GET 200 https://registry.npmjs.org/@babel/traverse/-/traverse-7.29.7.tgz 1278ms (cache miss)
331 http fetch GET 200 https://registry.npmjs.org/vite 232ms (cache miss)
332 silly packumentCache corgi:https://registry.npmjs.org/vite set size:undefined disposed:false
333 silly packumentCache corgi:https://registry.npmjs.org/@vitejs%2fplugin-react cache-miss
334 http fetch GET 200 https://registry.npmjs.org/@types/node/-/node-24.13.2.tgz 1522ms (cache miss)
335 http fetch GET 200 https://registry.npmjs.org/@vitejs%2fplugin-react 99ms (cache miss)
336 silly packumentCache corgi:https://registry.npmjs.org/@vitejs%2fplugin-react set size:undefined disposed:false
337 http fetch GET 200 https://registry.npmjs.org/react-dom/-/react-dom-19.2.7.tgz 1623ms (cache miss)
338 http fetch GET 200 https://registry.npmjs.org/@babel/core/-/core-7.29.7.tgz 1650ms (cache miss)
339 http fetch GET 200 https://registry.npmjs.org/@esbuild/win32-x64/-/win32-x64-0.27.7.tgz 1673ms (cache miss)
340 http fetch GET 200 https://registry.npmjs.org/@babel/types/-/types-7.29.7.tgz 1819ms (cache miss)
341 http fetch GET 200 https://registry.npmjs.org/@babel/helpers/-/helpers-7.29.7.tgz 1863ms (cache miss)
342 http fetch GET 200 https://registry.npmjs.org/yallist/-/yallist-3.1.1.tgz 2005ms (cache miss)
343 http fetch GET 200 https://registry.npmjs.org/typescript/-/typescript-5.9.3.tgz 2092ms (cache miss)
344 http fetch GET 200 https://registry.npmjs.org/caniuse-lite/-/caniuse-lite-1.0.30001799.tgz 2594ms (cache miss)
345 http fetch GET 200 https://registry.npmjs.org/lucide-react/-/lucide-react-0.468.0.tgz 5665ms (cache miss)
346 info run esbuild@0.27.7 postinstall node_modules/esbuild node install.js
347 info run esbuild@0.27.7 postinstall { code: 'EPERM', signal: undefined }
348 warn cleanup Failed to remove some directories [
348 warn cleanup   [
348 warn cleanup     'C:\\Users\\ExcoSia\\Desktop\\WHIF\\TheRedContract\\node_modules\\@babel\\types',
348 warn cleanup     [Error: EPERM: operation not permitted, rmdir 'C:\Users\ExcoSia\Desktop\WHIF\TheRedContract\node_modules\@babel\types\lib'] {
348 warn cleanup       errno: -4048,
348 warn cleanup       code: 'EPERM',
348 warn cleanup       syscall: 'rmdir',
348 warn cleanup       path: 'C:\\Users\\ExcoSia\\Desktop\\WHIF\\TheRedContract\\node_modules\\@babel\\types\\lib'
348 warn cleanup     }
348 warn cleanup   ]
348 warn cleanup ]
349 verbose stack Error: spawn EPERM
349 verbose stack     at ChildProcess.spawn (node:internal/child_process:420:11)
349 verbose stack     at spawn (node:child_process:753:9)
349 verbose stack     at promiseSpawn (C:\Program Files\nodejs\node_modules\npm\node_modules\@npmcli\promise-spawn\lib\index.js:39:16)
349 verbose stack     at spawnWithShell (C:\Program Files\nodejs\node_modules\npm\node_modules\@npmcli\promise-spawn\lib\index.js:124:10)
349 verbose stack     at promiseSpawn (C:\Program Files\nodejs\node_modules\npm\node_modules\@npmcli\promise-spawn\lib\index.js:12:12)
349 verbose stack     at runScriptPkg (C:\Program Files\nodejs\node_modules\npm\node_modules\@npmcli\run-script\lib\run-script-pkg.js:77:13)
349 verbose stack     at runScript (C:\Program Files\nodejs\node_modules\npm\node_modules\@npmcli\run-script\lib\run-script.js:9:12)
349 verbose stack     at C:\Program Files\nodejs\node_modules\npm\node_modules\@npmcli\arborist\lib\arborist\rebuild.js:329:17
349 verbose stack     at run (C:\Program Files\nodejs\node_modules\npm\node_modules\promise-call-limit\dist\commonjs\index.js:67:22)
349 verbose stack     at C:\Program Files\nodejs\node_modules\npm\node_modules\promise-call-limit\dist\commonjs\index.js:84:9
350 error code EPERM
351 error syscall spawn
352 error errno -4048
353 error Error: spawn EPERM
353 error     at ChildProcess.spawn (node:internal/child_process:420:11)
353 error     at spawn (node:child_process:753:9)
353 error     at promiseSpawn (C:\Program Files\nodejs\node_modules\npm\node_modules\@npmcli\promise-spawn\lib\index.js:39:16)
353 error     at spawnWithShell (C:\Program Files\nodejs\node_modules\npm\node_modules\@npmcli\promise-spawn\lib\index.js:124:10)
353 error     at promiseSpawn (C:\Program Files\nodejs\node_modules\npm\node_modules\@npmcli\promise-spawn\lib\index.js:12:12)
353 error     at runScriptPkg (C:\Program Files\nodejs\node_modules\npm\node_modules\@npmcli\run-script\lib\run-script-pkg.js:77:13)
353 error     at runScript (C:\Program Files\nodejs\node_modules\npm\node_modules\@npmcli\run-script\lib\run-script.js:9:12)
353 error     at C:\Program Files\nodejs\node_modules\npm\node_modules\@npmcli\arborist\lib\arborist\rebuild.js:329:17
353 error     at run (C:\Program Files\nodejs\node_modules\npm\node_modules\promise-call-limit\dist\commonjs\index.js:67:22)
353 error     at C:\Program Files\nodejs\node_modules\npm\node_modules\promise-call-limit\dist\commonjs\index.js:84:9 {
353 error   errno: -4048,
353 error   code: 'EPERM',
353 error   syscall: 'spawn'
353 error }
354 error
354 error The operation was rejected by your operating system.
354 error It's possible that the file was already in use (by a text editor or antivirus),
354 error or that you lack permissions to access it.
354 error
354 error If you believe this might be a permissions issue, please double-check the
354 error permissions of the file and its containing directories, or try running
354 error the command again as root/Administrator.
355 silly unfinished npm timer reify 1781705344374
356 silly unfinished npm timer reify:build 1781705350190
357 silly unfinished npm timer build 1781705350191
358 silly unfinished npm timer build:deps 1781705350191
359 silly unfinished npm timer build:run:postinstall 1781705350222
360 silly unfinished npm timer build:run:postinstall:node_modules/esbuild 1781705350223
361 verbose cwd C:\Users\ExcoSia\Desktop\WHIF\TheRedContract
362 verbose os Windows_NT 10.0.26200
363 verbose node v22.14.0
364 verbose npm  v10.9.2
365 notice
365 notice New major version of npm available! 10.9.2 -> 11.17.0
365 notice Changelog: https://github.com/npm/cli/releases/tag/v11.17.0
365 notice To update run: npm install -g npm@11.17.0
365 notice  { force: true, [Symbol(proc-log.meta)]: true }
366 verbose exit -4048
367 verbose code -4048
368 error A complete log of this run can be found in: C:\Users\ExcoSia\Desktop\WHIF\TheRedContract\.npm-cache\_logs\2026-06-17T14_09_03_799Z-debug-0.log
